{"/home/travis/build/npmtest/node-npmtest-indico.io/test.js":{"path":"/home/travis/build/npmtest/node-npmtest-indico.io/test.js","s":{"1":2,"2":2,"3":2,"4":2,"5":2,"6":2,"7":2,"8":1,"9":2,"10":2,"11":1,"12":1,"13":1,"14":1,"15":2,"16":2,"17":2,"18":2,"19":1,"20":1,"21":2,"22":2,"23":2,"24":1,"25":1,"26":1,"27":1,"28":1,"29":1,"30":1,"31":1,"32":1,"33":1,"34":1,"35":1,"36":1,"37":1,"38":1,"39":2,"40":2,"41":1,"42":2,"43":2,"44":1,"45":2,"46":2,"47":1,"48":2,"49":2,"50":1,"51":1,"52":1,"53":1,"54":1},"b":{"1":[2,1,1,1],"2":[1,1,1,1],"3":[1,1],"4":[1,1],"5":[1,1],"6":[1,1],"7":[1,1],"8":[1,1],"9":[1,1],"10":[1,1,1],"11":[1,1],"12":[1,1],"13":[1,1],"14":[1,1],"15":[1,1],"16":[1,1],"17":[1,1]},"f":{"1":2,"2":2,"3":2,"4":2,"5":2,"6":1,"7":1,"8":1,"9":2,"10":2,"11":2,"12":2,"13":1},"fnMap":{"1":{"name":"(anonymous_1)","line":12,"loc":{"start":{"line":12,"column":1},"end":{"line":12,"column":13}}},"2":{"name":"(anonymous_2)","line":19,"loc":{"start":{"line":19,"column":5},"end":{"line":19,"column":17}}},"3":{"name":"(anonymous_3)","line":23,"loc":{"start":{"line":23,"column":24},"end":{"line":23,"column":36}}},"4":{"name":"(anonymous_4)","line":61,"loc":{"start":{"line":61,"column":5},"end":{"line":61,"column":17}}},"5":{"name":"(anonymous_5)","line":82,"loc":{"start":{"line":82,"column":5},"end":{"line":82,"column":17}}},"6":{"name":"(anonymous_6)","line":91,"loc":{"start":{"line":91,"column":77},"end":{"line":94,"column":10}}},"7":{"name":"(anonymous_7)","line":112,"loc":{"start":{"line":112,"column":83},"end":{"line":115,"column":10}},"skip":true},"8":{"name":"(anonymous_8)","line":123,"loc":{"start":{"line":123,"column":77},"end":{"line":126,"column":10}},"skip":true},"9":{"name":"(anonymous_9)","line":139,"loc":{"start":{"line":139,"column":12},"end":{"line":139,"column":40}},"skip":true},"10":{"name":"(anonymous_10)","line":147,"loc":{"start":{"line":147,"column":77},"end":{"line":150,"column":10}},"skip":true},"11":{"name":"(anonymous_11)","line":158,"loc":{"start":{"line":158,"column":83},"end":{"line":161,"column":10}},"skip":true},"12":{"name":"(anonymous_12)","line":169,"loc":{"start":{"line":169,"column":79},"end":{"line":172,"column":10}},"skip":true},"13":{"name":"(anonymous_13)","line":180,"loc":{"start":{"line":180,"column":75},"end":{"line":183,"column":10}},"skip":true}},"statementMap":{"1":{"start":{"line":12,"column":0},"end":{"line":195,"column":5}},"2":{"start":{"line":14,"column":4},"end":{"line":14,"column":14}},"3":{"start":{"line":19,"column":4},"end":{"line":56,"column":9}},"4":{"start":{"line":21,"column":8},"end":{"line":21,"column":19}},"5":{"start":{"line":23,"column":8},"end":{"line":35,"column":13}},"6":{"start":{"line":24,"column":12},"end":{"line":34,"column":13}},"7":{"start":{"line":25,"column":16},"end":{"line":28,"column":30}},"8":{"start":{"line":30,"column":16},"end":{"line":33,"column":27}},"9":{"start":{"line":37,"column":8},"end":{"line":39,"column":21}},"10":{"start":{"line":40,"column":8},"end":{"line":53,"column":9}},"11":{"start":{"line":43,"column":12},"end":{"line":46,"column":14}},"12":{"start":{"line":47,"column":12},"end":{"line":47,"column":18}},"13":{"start":{"line":50,"column":12},"end":{"line":51,"column":46}},"14":{"start":{"line":52,"column":12},"end":{"line":52,"column":18}},"15":{"start":{"line":55,"column":8},"end":{"line":55,"column":35}},"16":{"start":{"line":61,"column":4},"end":{"line":63,"column":9}},"17":{"start":{"line":62,"column":8},"end":{"line":62,"column":15}},"18":{"start":{"line":64,"column":4},"end":{"line":77,"column":5}},"19":{"start":{"line":70,"column":8},"end":{"line":70,"column":14}},"20":{"start":{"line":76,"column":8},"end":{"line":76,"column":14}},"21":{"start":{"line":82,"column":4},"end":{"line":84,"column":9}},"22":{"start":{"line":83,"column":8},"end":{"line":83,"column":15}},"23":{"start":{"line":85,"column":4},"end":{"line":194,"column":5}},"24":{"start":{"line":91,"column":8},"end":{"line":99,"column":10}},"25":{"start":{"line":98,"column":12},"end":{"line":98,"column":35}},"26":{"start":{"line":102,"column":8},"end":{"line":104,"column":63}},"27":{"start":{"line":105,"column":8},"end":{"line":105,"column":14}},"28":{"start":{"line":112,"column":8},"end":{"line":121,"column":10},"skip":true},"29":{"start":{"line":119,"column":12},"end":{"line":119,"column":55},"skip":true},"30":{"start":{"line":120,"column":12},"end":{"line":120,"column":48},"skip":true},"31":{"start":{"line":123,"column":8},"end":{"line":136,"column":10},"skip":true},"32":{"start":{"line":130,"column":12},"end":{"line":130,"column":76},"skip":true},"33":{"start":{"line":131,"column":12},"end":{"line":131,"column":73},"skip":true},"34":{"start":{"line":132,"column":12},"end":{"line":132,"column":74},"skip":true},"35":{"start":{"line":133,"column":12},"end":{"line":133,"column":79},"skip":true},"36":{"start":{"line":134,"column":12},"end":{"line":134,"column":25},"skip":true},"37":{"start":{"line":135,"column":12},"end":{"line":135,"column":45},"skip":true},"38":{"start":{"line":138,"column":8},"end":{"line":145,"column":14},"skip":true},"39":{"start":{"line":143,"column":16},"end":{"line":143,"column":29},"skip":true},"40":{"start":{"line":144,"column":16},"end":{"line":144,"column":55},"skip":true},"41":{"start":{"line":147,"column":8},"end":{"line":156,"column":10},"skip":true},"42":{"start":{"line":154,"column":12},"end":{"line":154,"column":25},"skip":true},"43":{"start":{"line":155,"column":12},"end":{"line":155,"column":45},"skip":true},"44":{"start":{"line":158,"column":8},"end":{"line":167,"column":10},"skip":true},"45":{"start":{"line":165,"column":12},"end":{"line":165,"column":25},"skip":true},"46":{"start":{"line":166,"column":12},"end":{"line":166,"column":48},"skip":true},"47":{"start":{"line":169,"column":8},"end":{"line":178,"column":10},"skip":true},"48":{"start":{"line":176,"column":12},"end":{"line":176,"column":25},"skip":true},"49":{"start":{"line":177,"column":12},"end":{"line":177,"column":46},"skip":true},"50":{"start":{"line":180,"column":8},"end":{"line":189,"column":10},"skip":true},"51":{"start":{"line":187,"column":12},"end":{"line":187,"column":94},"skip":true},"52":{"start":{"line":188,"column":12},"end":{"line":188,"column":48},"skip":true},"53":{"start":{"line":192,"column":8},"end":{"line":192,"column":35},"skip":true},"54":{"start":{"line":193,"column":8},"end":{"line":193,"column":14},"skip":true}},"branchMap":{"1":{"line":25,"type":"binary-expr","locations":[{"start":{"line":25,"column":23},"end":{"line":25,"column":62}},{"start":{"line":26,"column":20},"end":{"line":26,"column":70}},{"start":{"line":27,"column":20},"end":{"line":27,"column":71}},{"start":{"line":28,"column":20},"end":{"line":28,"column":29}}]},"2":{"line":30,"type":"binary-expr","locations":[{"start":{"line":30,"column":23},"end":{"line":30,"column":37}},{"start":{"line":31,"column":20},"end":{"line":31,"column":61}},{"start":{"line":32,"column":20},"end":{"line":32,"column":70}},{"start":{"line":33,"column":20},"end":{"line":33,"column":26}}]},"3":{"line":37,"type":"cond-expr","locations":[{"start":{"line":38,"column":14},"end":{"line":38,"column":20}},{"start":{"line":39,"column":14},"end":{"line":39,"column":20}}]},"4":{"line":40,"type":"switch","locations":[{"start":{"line":42,"column":8},"end":{"line":47,"column":18}},{"start":{"line":49,"column":8},"end":{"line":52,"column":18}}]},"5":{"line":44,"type":"binary-expr","locations":[{"start":{"line":44,"column":16},"end":{"line":44,"column":44}},{"start":{"line":44,"column":48},"end":{"line":44,"column":66}}]},"6":{"line":50,"type":"binary-expr","locations":[{"start":{"line":50,"column":21},"end":{"line":50,"column":49}},{"start":{"line":50,"column":53},"end":{"line":50,"column":72}}]},"7":{"line":64,"type":"switch","locations":[{"start":{"line":69,"column":4},"end":{"line":70,"column":14}},{"start":{"line":75,"column":4},"end":{"line":76,"column":14}}]},"8":{"line":85,"type":"switch","locations":[{"start":{"line":90,"column":4},"end":{"line":105,"column":14}},{"start":{"line":111,"column":4},"end":{"line":193,"column":14},"skip":true}]},"9":{"line":91,"type":"binary-expr","locations":[{"start":{"line":91,"column":42},"end":{"line":91,"column":73}},{"start":{"line":91,"column":77},"end":{"line":99,"column":9}}]},"10":{"line":102,"type":"binary-expr","locations":[{"start":{"line":102,"column":18},"end":{"line":102,"column":32}},{"start":{"line":103,"column":12},"end":{"line":103,"column":53}},{"start":{"line":104,"column":12},"end":{"line":104,"column":61}}]},"11":{"line":112,"type":"binary-expr","locations":[{"start":{"line":112,"column":45},"end":{"line":112,"column":79},"skip":true},{"start":{"line":112,"column":83},"end":{"line":121,"column":9},"skip":true}]},"12":{"line":123,"type":"binary-expr","locations":[{"start":{"line":123,"column":42},"end":{"line":123,"column":73},"skip":true},{"start":{"line":123,"column":77},"end":{"line":136,"column":9},"skip":true}]},"13":{"line":138,"type":"binary-expr","locations":[{"start":{"line":138,"column":48},"end":{"line":138,"column":85},"skip":true},{"start":{"line":139,"column":12},"end":{"line":145,"column":13},"skip":true}]},"14":{"line":147,"type":"binary-expr","locations":[{"start":{"line":147,"column":42},"end":{"line":147,"column":73},"skip":true},{"start":{"line":147,"column":77},"end":{"line":156,"column":9},"skip":true}]},"15":{"line":158,"type":"binary-expr","locations":[{"start":{"line":158,"column":45},"end":{"line":158,"column":79},"skip":true},{"start":{"line":158,"column":83},"end":{"line":167,"column":9},"skip":true}]},"16":{"line":169,"type":"binary-expr","locations":[{"start":{"line":169,"column":43},"end":{"line":169,"column":75},"skip":true},{"start":{"line":169,"column":79},"end":{"line":178,"column":9},"skip":true}]},"17":{"line":180,"type":"binary-expr","locations":[{"start":{"line":180,"column":41},"end":{"line":180,"column":71},"skip":true},{"start":{"line":180,"column":75},"end":{"line":189,"column":9},"skip":true}]}},"code":["/* istanbul instrument in package npmtest_indico_io */","/*jslint","    bitwise: true,","    browser: true,","    maxerr: 8,","    maxlen: 96,","    node: true,","    nomen: true,","    regexp: true,","    stupid: true","*/","(function () {","    'use strict';","    var local;","","","","    // run shared js-env code - pre-init","    (function () {","        // init local","        local = {};","        // init modeJs","        local.modeJs = (function () {","            try {","                return typeof navigator.userAgent === 'string' &&","                    typeof document.querySelector('body') === 'object' &&","                    typeof XMLHttpRequest.prototype.open === 'function' &&","                    'browser';","            } catch (errorCaughtBrowser) {","                return module.exports &&","                    typeof process.versions.node === 'string' &&","                    typeof require('http').createServer === 'function' &&","                    'node';","            }","        }());","        // init global","        local.global = local.modeJs === 'browser'","            ? window","            : global;","        switch (local.modeJs) {","        // re-init local from window.local","        case 'browser':","            local = local.global.utility2.objectSetDefault(","                local.global.utility2_rollup || local.global.local,","                local.global.utility2","            );","            break;","        // re-init local from example.js","        case 'node':","            local = (local.global.utility2_rollup || require('utility2'))","                .requireExampleJsFromReadme();","            break;","        }","        // export local","        local.global.local = local;","    }());","","","","    // run shared js-env code - function","    (function () {","        return;","    }());","    switch (local.modeJs) {","","","","    // run browser js-env code - function","    case 'browser':","        break;","","","","    // run node js-env code - function","    case 'node':","        break;","    }","","","","    // run shared js-env code - post-init","    (function () {","        return;","    }());","    switch (local.modeJs) {","","","","    // run browser js-env code - post-init","    case 'browser':","        local.testCase_browser_nullCase = local.testCase_browser_nullCase || function (","            options,","            onError","        ) {","        /*","         * this function will test browsers's null-case handling-behavior-behavior","         */","            onError(null, options);","        };","","        // run tests","        local.nop(local.modeTest &&","            document.querySelector('#testRunButton1') &&","            document.querySelector('#testRunButton1').click());","        break;","","","","    // run node js-env code - post-init","    /* istanbul ignore next */","    case 'node':","        local.testCase_buildApidoc_default = local.testCase_buildApidoc_default || function (","            options,","            onError","        ) {","        /*","         * this function will test buildApidoc's default handling-behavior-behavior","         */","            options = { modulePathList: module.paths };","            local.buildApidoc(options, onError);","        };","","        local.testCase_buildApp_default = local.testCase_buildApp_default || function (","            options,","            onError","        ) {","        /*","         * this function will test buildApp's default handling-behavior-behavior","         */","            local.testCase_buildReadme_default(options, local.onErrorThrow);","            local.testCase_buildLib_default(options, local.onErrorThrow);","            local.testCase_buildTest_default(options, local.onErrorThrow);","            local.testCase_buildCustomOrg_default(options, local.onErrorThrow);","            options = [];","            local.buildApp(options, onError);","        };","","        local.testCase_buildCustomOrg_default = local.testCase_buildCustomOrg_default ||","            function (options, onError) {","            /*","             * this function will test buildCustomOrg's default handling-behavior","             */","                options = {};","                local.buildCustomOrg(options, onError);","            };","","        local.testCase_buildLib_default = local.testCase_buildLib_default || function (","            options,","            onError","        ) {","        /*","         * this function will test buildLib's default handling-behavior","         */","            options = {};","            local.buildLib(options, onError);","        };","","        local.testCase_buildReadme_default = local.testCase_buildReadme_default || function (","            options,","            onError","        ) {","        /*","         * this function will test buildReadme's default handling-behavior-behavior","         */","            options = {};","            local.buildReadme(options, onError);","        };","","        local.testCase_buildTest_default = local.testCase_buildTest_default || function (","            options,","            onError","        ) {","        /*","         * this function will test buildTest's default handling-behavior","         */","            options = {};","            local.buildTest(options, onError);","        };","","        local.testCase_webpage_default = local.testCase_webpage_default || function (","            options,","            onError","        ) {","        /*","         * this function will test webpage's default handling-behavior","         */","            options = { modeCoverageMerge: true, url: local.serverLocalHost + '?modeTest=1' };","            local.browserTest(options, onError);","        };","","        // run test-server","        local.testRunServer(local);","        break;","    }","}());",""],"l":{"12":2,"14":2,"19":2,"21":2,"23":2,"24":2,"25":2,"30":1,"37":2,"40":2,"43":1,"47":1,"50":1,"52":1,"55":2,"61":2,"62":2,"64":2,"70":1,"76":1,"82":2,"83":2,"85":2,"91":1,"98":1,"102":1,"105":1,"112":1,"119":1,"120":1,"123":1,"130":1,"131":1,"132":1,"133":1,"134":1,"135":1,"138":1,"143":2,"144":2,"147":1,"154":2,"155":2,"158":1,"165":2,"166":2,"169":1,"176":2,"177":2,"180":1,"187":1,"188":1,"192":1,"193":1}},"/home/travis/build/npmtest/node-npmtest-indico.io/lib.npmtest_indico.io.js":{"path":"/home/travis/build/npmtest/node-npmtest-indico.io/lib.npmtest_indico.io.js","s":{"1":2,"2":2,"3":2,"4":2,"5":2,"6":2,"7":2,"8":1,"9":2,"10":2,"11":2,"12":2,"13":1,"14":1,"15":1,"16":1},"b":{"1":[2,1,1,1],"2":[1,1,1,1],"3":[1,1],"4":[2,2],"5":[1,1]},"f":{"1":2,"2":2,"3":2},"fnMap":{"1":{"name":"(anonymous_1)","line":12,"loc":{"start":{"line":12,"column":1},"end":{"line":12,"column":13}}},"2":{"name":"(anonymous_2)","line":19,"loc":{"start":{"line":19,"column":5},"end":{"line":19,"column":17}}},"3":{"name":"(anonymous_3)","line":23,"loc":{"start":{"line":23,"column":24},"end":{"line":23,"column":36}}}},"statementMap":{"1":{"start":{"line":12,"column":0},"end":{"line":53,"column":5}},"2":{"start":{"line":14,"column":4},"end":{"line":14,"column":14}},"3":{"start":{"line":19,"column":4},"end":{"line":52,"column":9}},"4":{"start":{"line":21,"column":8},"end":{"line":21,"column":19}},"5":{"start":{"line":23,"column":8},"end":{"line":35,"column":13}},"6":{"start":{"line":24,"column":12},"end":{"line":34,"column":13}},"7":{"start":{"line":25,"column":16},"end":{"line":28,"column":30}},"8":{"start":{"line":30,"column":16},"end":{"line":33,"column":27}},"9":{"start":{"line":37,"column":8},"end":{"line":39,"column":21}},"10":{"start":{"line":41,"column":8},"end":{"line":41,"column":54}},"11":{"start":{"line":43,"column":8},"end":{"line":43,"column":54}},"12":{"start":{"line":45,"column":8},"end":{"line":51,"column":9}},"13":{"start":{"line":46,"column":12},"end":{"line":46,"column":60}},"14":{"start":{"line":48,"column":12},"end":{"line":48,"column":35}},"15":{"start":{"line":49,"column":12},"end":{"line":49,"column":49}},"16":{"start":{"line":50,"column":12},"end":{"line":50,"column":43}}},"branchMap":{"1":{"line":25,"type":"binary-expr","locations":[{"start":{"line":25,"column":23},"end":{"line":25,"column":62}},{"start":{"line":26,"column":20},"end":{"line":26,"column":70}},{"start":{"line":27,"column":20},"end":{"line":27,"column":71}},{"start":{"line":28,"column":20},"end":{"line":28,"column":29}}]},"2":{"line":30,"type":"binary-expr","locations":[{"start":{"line":30,"column":23},"end":{"line":30,"column":37}},{"start":{"line":31,"column":20},"end":{"line":31,"column":61}},{"start":{"line":32,"column":20},"end":{"line":32,"column":70}},{"start":{"line":33,"column":20},"end":{"line":33,"column":26}}]},"3":{"line":37,"type":"cond-expr","locations":[{"start":{"line":38,"column":14},"end":{"line":38,"column":20}},{"start":{"line":39,"column":14},"end":{"line":39,"column":20}}]},"4":{"line":41,"type":"binary-expr","locations":[{"start":{"line":41,"column":16},"end":{"line":41,"column":44}},{"start":{"line":41,"column":48},"end":{"line":41,"column":53}}]},"5":{"line":45,"type":"if","locations":[{"start":{"line":45,"column":8},"end":{"line":45,"column":8}},{"start":{"line":45,"column":8},"end":{"line":45,"column":8}}]}},"code":["/* istanbul instrument in package npmtest_indico_io */","/*jslint","    bitwise: true,","    browser: true,","    maxerr: 8,","    maxlen: 96,","    node: true,","    nomen: true,","    regexp: true,","    stupid: true","*/","(function () {","    'use strict';","    var local;","","","","    // run shared js-env code - pre-init","    (function () {","        // init local","        local = {};","        // init modeJs","        local.modeJs = (function () {","            try {","                return typeof navigator.userAgent === 'string' &&","                    typeof document.querySelector('body') === 'object' &&","                    typeof XMLHttpRequest.prototype.open === 'function' &&","                    'browser';","            } catch (errorCaughtBrowser) {","                return module.exports &&","                    typeof process.versions.node === 'string' &&","                    typeof require('http').createServer === 'function' &&","                    'node';","            }","        }());","        // init global","        local.global = local.modeJs === 'browser'","            ? window","            : global;","        // init utility2_rollup","        local = local.global.utility2_rollup || local;","        // init lib","        local.local = local.npmtest_indico_io = local;","        // init exports","        if (local.modeJs === 'browser') {","            local.global.utility2_npmtest_indico_io = local;","        } else {","            module.exports = local;","            module.exports.__dirname = __dirname;","            module.exports.module = module;","        }","    }());","}());",""],"l":{"12":2,"14":2,"19":2,"21":2,"23":2,"24":2,"25":2,"30":1,"37":2,"41":2,"43":2,"45":2,"46":1,"48":1,"49":1,"50":1}},"/home/travis/build/npmtest/node-npmtest-indico.io/example.js":{"path":"/home/travis/build/npmtest/node-npmtest-indico.io/example.js","s":{"1":2,"2":2,"3":2,"4":2,"5":2,"6":2,"7":2,"8":1,"9":2,"10":2,"11":2,"12":2,"13":1,"14":2,"15":2,"16":2,"17":2,"18":2,"19":0,"20":2,"21":1,"22":1,"23":1,"24":1,"25":1,"26":0,"27":0,"28":1,"29":1,"30":2,"31":0,"32":0,"33":0,"34":1,"35":2,"36":2,"37":3,"38":3,"39":3,"40":3,"41":0,"42":3,"43":3,"44":3,"45":1,"46":3,"47":1,"48":1,"49":1,"50":1,"51":1,"52":1,"53":1,"54":1,"55":1,"56":1,"57":0,"58":1,"59":6,"60":6,"61":1,"62":2,"63":0,"64":2,"65":1,"66":1,"67":0,"68":0,"69":0,"70":0,"71":0,"72":0,"73":0,"74":0,"75":0,"76":0,"77":0,"78":0,"79":0,"80":0,"81":0,"82":0,"83":0},"b":{"1":[2,1,1,1],"2":[1,1,1,1],"3":[1,1],"4":[2,2],"5":[1,1],"6":[1,1],"7":[2,0],"8":[2,1,1,1,1,1],"9":[0,2,0],"10":[1,1],"11":[2,1,1],"12":[1,0],"13":[0,2],"14":[2,0,0,0,0,0,0],"15":[0,3],"16":[3,0],"17":[1,1],"18":[0,1],"19":[1,2,0,2],"20":[1,0],"21":[1,1],"22":[0,0],"23":[0,0],"24":[0,0],"25":[0,0],"26":[0,0],"27":[0,0],"28":[0,0]},"f":{"1":2,"2":2,"3":2,"4":2,"5":2,"6":2,"7":3,"8":3,"9":3,"10":1,"11":6,"12":0},"fnMap":{"1":{"name":"(anonymous_1)","line":26,"loc":{"start":{"line":26,"column":1},"end":{"line":26,"column":13}}},"2":{"name":"(anonymous_2)","line":33,"loc":{"start":{"line":33,"column":5},"end":{"line":33,"column":17}}},"3":{"name":"(anonymous_3)","line":37,"loc":{"start":{"line":37,"column":24},"end":{"line":37,"column":36}}},"4":{"name":"(anonymous_4)","line":69,"loc":{"start":{"line":69,"column":31},"end":{"line":69,"column":48}},"skip":true},"5":{"name":"(anonymous_5)","line":78,"loc":{"start":{"line":78,"column":26},"end":{"line":78,"column":45}},"skip":true},"6":{"name":"(anonymous_6)","line":123,"loc":{"start":{"line":123,"column":33},"end":{"line":123,"column":48}},"skip":true},"7":{"name":"(anonymous_7)","line":125,"loc":{"start":{"line":125,"column":27},"end":{"line":125,"column":39}},"skip":true},"8":{"name":"(anonymous_8)","line":133,"loc":{"start":{"line":133,"column":59},"end":{"line":133,"column":74}},"skip":true},"9":{"name":"(anonymous_9)","line":143,"loc":{"start":{"line":143,"column":45},"end":{"line":143,"column":62}},"skip":true},"10":{"name":"(anonymous_10)","line":144,"loc":{"start":{"line":144,"column":73},"end":{"line":144,"column":92}},"skip":true},"11":{"name":"(anonymous_11)","line":272,"loc":{"start":{"line":272,"column":51},"end":{"line":272,"column":77}},"skip":true},"12":{"name":"(anonymous_12)","line":315,"loc":{"start":{"line":315,"column":32},"end":{"line":315,"column":61}},"skip":true}},"statementMap":{"1":{"start":{"line":26,"column":0},"end":{"line":326,"column":5}},"2":{"start":{"line":28,"column":4},"end":{"line":28,"column":14}},"3":{"start":{"line":33,"column":4},"end":{"line":60,"column":9}},"4":{"start":{"line":35,"column":8},"end":{"line":35,"column":19}},"5":{"start":{"line":37,"column":8},"end":{"line":49,"column":13}},"6":{"start":{"line":38,"column":12},"end":{"line":48,"column":13}},"7":{"start":{"line":39,"column":16},"end":{"line":42,"column":30}},"8":{"start":{"line":44,"column":16},"end":{"line":47,"column":27}},"9":{"start":{"line":51,"column":8},"end":{"line":53,"column":21}},"10":{"start":{"line":55,"column":8},"end":{"line":57,"column":45}},"11":{"start":{"line":59,"column":8},"end":{"line":59,"column":35}},"12":{"start":{"line":61,"column":4},"end":{"line":325,"column":5}},"13":{"start":{"line":69,"column":8},"end":{"line":121,"column":10},"skip":true},"14":{"start":{"line":70,"column":12},"end":{"line":88,"column":13},"skip":true},"15":{"start":{"line":76,"column":16},"end":{"line":87,"column":19},"skip":true},"16":{"start":{"line":79,"column":20},"end":{"line":86,"column":21},"skip":true},"17":{"start":{"line":82,"column":24},"end":{"line":82,"column":43},"skip":true},"18":{"start":{"line":83,"column":24},"end":{"line":83,"column":30},"skip":true},"19":{"start":{"line":85,"column":24},"end":{"line":85,"column":49},"skip":true},"20":{"start":{"line":89,"column":12},"end":{"line":107,"column":13},"skip":true},"21":{"start":{"line":92,"column":16},"end":{"line":102,"column":17},"skip":true},"22":{"start":{"line":93,"column":20},"end":{"line":93,"column":86},"skip":true},"23":{"start":{"line":94,"column":20},"end":{"line":95,"column":45},"skip":true},"24":{"start":{"line":96,"column":20},"end":{"line":96,"column":42},"skip":true},"25":{"start":{"line":97,"column":20},"end":{"line":97,"column":48},"skip":true},"26":{"start":{"line":100,"column":20},"end":{"line":100,"column":85},"skip":true},"27":{"start":{"line":101,"column":20},"end":{"line":101,"column":96},"skip":true},"28":{"start":{"line":103,"column":16},"end":{"line":103,"column":22},"skip":true},"29":{"start":{"line":106,"column":16},"end":{"line":106,"column":22},"skip":true},"30":{"start":{"line":108,"column":12},"end":{"line":120,"column":13},"skip":true},"31":{"start":{"line":114,"column":16},"end":{"line":119,"column":17},"skip":true},"32":{"start":{"line":116,"column":20},"end":{"line":116,"column":78},"skip":true},"33":{"start":{"line":118,"column":20},"end":{"line":118,"column":47},"skip":true},"34":{"start":{"line":123,"column":8},"end":{"line":141,"column":11},"skip":true},"35":{"start":{"line":124,"column":12},"end":{"line":124,"column":54},"skip":true},"36":{"start":{"line":125,"column":12},"end":{"line":140,"column":14},"skip":true},"37":{"start":{"line":126,"column":16},"end":{"line":126,"column":28},"skip":true},"38":{"start":{"line":127,"column":16},"end":{"line":127,"column":69},"skip":true},"39":{"start":{"line":128,"column":16},"end":{"line":128,"column":75},"skip":true},"40":{"start":{"line":129,"column":16},"end":{"line":131,"column":17},"skip":true},"41":{"start":{"line":130,"column":20},"end":{"line":130,"column":27},"skip":true},"42":{"start":{"line":133,"column":16},"end":{"line":137,"column":36},"skip":true},"43":{"start":{"line":134,"column":20},"end":{"line":136,"column":55},"skip":true},"44":{"start":{"line":139,"column":16},"end":{"line":139,"column":57},"skip":true},"45":{"start":{"line":143,"column":8},"end":{"line":147,"column":11},"skip":true},"46":{"start":{"line":144,"column":12},"end":{"line":146,"column":15},"skip":true},"47":{"start":{"line":145,"column":16},"end":{"line":145,"column":70},"skip":true},"48":{"start":{"line":149,"column":8},"end":{"line":149,"column":31},"skip":true},"49":{"start":{"line":150,"column":8},"end":{"line":150,"column":14},"skip":true},"50":{"start":{"line":158,"column":8},"end":{"line":158,"column":31},"skip":true},"51":{"start":{"line":160,"column":8},"end":{"line":160,"column":33},"skip":true},"52":{"start":{"line":161,"column":8},"end":{"line":161,"column":37},"skip":true},"53":{"start":{"line":162,"column":8},"end":{"line":162,"column":35},"skip":true},"54":{"start":{"line":164,"column":8},"end":{"line":164,"column":50},"skip":true},"55":{"start":{"line":166,"column":8},"end":{"line":256,"column":2},"skip":true},"56":{"start":{"line":258,"column":8},"end":{"line":286,"column":9},"skip":true},"57":{"start":{"line":259,"column":12},"end":{"line":269,"column":14},"skip":true},"58":{"start":{"line":271,"column":12},"end":{"line":285,"column":19},"skip":true},"59":{"start":{"line":274,"column":20},"end":{"line":274,"column":35},"skip":true},"60":{"start":{"line":275,"column":20},"end":{"line":284,"column":21},"skip":true},"61":{"start":{"line":277,"column":24},"end":{"line":277,"column":64},"skip":true},"62":{"start":{"line":279,"column":24},"end":{"line":279,"column":40},"skip":true},"63":{"start":{"line":281,"column":24},"end":{"line":281,"column":40},"skip":true},"64":{"start":{"line":283,"column":24},"end":{"line":283,"column":39},"skip":true},"65":{"start":{"line":288,"column":8},"end":{"line":290,"column":9},"skip":true},"66":{"start":{"line":289,"column":12},"end":{"line":289,"column":18},"skip":true},"67":{"start":{"line":291,"column":8},"end":{"line":293,"column":54},"skip":true},"68":{"start":{"line":296,"column":8},"end":{"line":301,"column":37},"skip":true},"69":{"start":{"line":303,"column":8},"end":{"line":303,"column":82},"skip":true},"70":{"start":{"line":306,"column":8},"end":{"line":308,"column":9},"skip":true},"71":{"start":{"line":307,"column":12},"end":{"line":307,"column":82},"skip":true},"72":{"start":{"line":310,"column":8},"end":{"line":312,"column":9},"skip":true},"73":{"start":{"line":311,"column":12},"end":{"line":311,"column":18},"skip":true},"74":{"start":{"line":313,"column":8},"end":{"line":313,"column":54},"skip":true},"75":{"start":{"line":314,"column":8},"end":{"line":314,"column":69},"skip":true},"76":{"start":{"line":315,"column":8},"end":{"line":323,"column":36},"skip":true},"77":{"start":{"line":316,"column":12},"end":{"line":316,"column":61},"skip":true},"78":{"start":{"line":317,"column":12},"end":{"line":320,"column":13},"skip":true},"79":{"start":{"line":318,"column":16},"end":{"line":318,"column":75},"skip":true},"80":{"start":{"line":319,"column":16},"end":{"line":319,"column":23},"skip":true},"81":{"start":{"line":321,"column":12},"end":{"line":321,"column":38},"skip":true},"82":{"start":{"line":322,"column":12},"end":{"line":322,"column":27},"skip":true},"83":{"start":{"line":324,"column":8},"end":{"line":324,"column":14},"skip":true}},"branchMap":{"1":{"line":39,"type":"binary-expr","locations":[{"start":{"line":39,"column":23},"end":{"line":39,"column":62}},{"start":{"line":40,"column":20},"end":{"line":40,"column":70}},{"start":{"line":41,"column":20},"end":{"line":41,"column":71}},{"start":{"line":42,"column":20},"end":{"line":42,"column":29}}]},"2":{"line":44,"type":"binary-expr","locations":[{"start":{"line":44,"column":23},"end":{"line":44,"column":37}},{"start":{"line":45,"column":20},"end":{"line":45,"column":61}},{"start":{"line":46,"column":20},"end":{"line":46,"column":70}},{"start":{"line":47,"column":20},"end":{"line":47,"column":26}}]},"3":{"line":51,"type":"cond-expr","locations":[{"start":{"line":52,"column":14},"end":{"line":52,"column":20}},{"start":{"line":53,"column":14},"end":{"line":53,"column":20}}]},"4":{"line":55,"type":"binary-expr","locations":[{"start":{"line":55,"column":16},"end":{"line":55,"column":44}},{"start":{"line":55,"column":49},"end":{"line":57,"column":43}}]},"5":{"line":55,"type":"cond-expr","locations":[{"start":{"line":56,"column":14},"end":{"line":56,"column":53}},{"start":{"line":57,"column":14},"end":{"line":57,"column":43}}]},"6":{"line":61,"type":"switch","locations":[{"start":{"line":68,"column":4},"end":{"line":150,"column":14},"skip":true},{"start":{"line":156,"column":4},"end":{"line":324,"column":14},"skip":true}]},"7":{"line":70,"type":"if","locations":[{"start":{"line":70,"column":12},"end":{"line":70,"column":12},"skip":true},{"start":{"line":70,"column":12},"end":{"line":70,"column":12},"skip":true}]},"8":{"line":70,"type":"binary-expr","locations":[{"start":{"line":70,"column":16},"end":{"line":70,"column":22},"skip":true},{"start":{"line":70,"column":27},"end":{"line":70,"column":32},"skip":true},{"start":{"line":71,"column":20},"end":{"line":71,"column":39},"skip":true},{"start":{"line":72,"column":20},"end":{"line":72,"column":49},"skip":true},{"start":{"line":73,"column":20},"end":{"line":73,"column":58},"skip":true},{"start":{"line":74,"column":20},"end":{"line":74,"column":69},"skip":true}]},"9":{"line":79,"type":"switch","locations":[{"start":{"line":80,"column":20},"end":{"line":80,"column":33},"skip":true},{"start":{"line":81,"column":20},"end":{"line":83,"column":30},"skip":true},{"start":{"line":84,"column":20},"end":{"line":85,"column":49},"skip":true}]},"10":{"line":89,"type":"switch","locations":[{"start":{"line":90,"column":12},"end":{"line":103,"column":22},"skip":true},{"start":{"line":105,"column":12},"end":{"line":106,"column":22},"skip":true}]},"11":{"line":89,"type":"binary-expr","locations":[{"start":{"line":89,"column":20},"end":{"line":89,"column":25},"skip":true},{"start":{"line":89,"column":29},"end":{"line":89,"column":48},"skip":true},{"start":{"line":89,"column":52},"end":{"line":89,"column":74},"skip":true}]},"12":{"line":92,"type":"if","locations":[{"start":{"line":92,"column":16},"end":{"line":92,"column":16},"skip":true},{"start":{"line":92,"column":16},"end":{"line":92,"column":16},"skip":true}]},"13":{"line":108,"type":"if","locations":[{"start":{"line":108,"column":12},"end":{"line":108,"column":12},"skip":true},{"start":{"line":108,"column":12},"end":{"line":108,"column":12},"skip":true}]},"14":{"line":108,"type":"binary-expr","locations":[{"start":{"line":108,"column":16},"end":{"line":108,"column":61},"skip":true},{"start":{"line":108,"column":66},"end":{"line":108,"column":72},"skip":true},{"start":{"line":108,"column":77},"end":{"line":108,"column":82},"skip":true},{"start":{"line":109,"column":20},"end":{"line":109,"column":39},"skip":true},{"start":{"line":110,"column":20},"end":{"line":110,"column":49},"skip":true},{"start":{"line":111,"column":20},"end":{"line":111,"column":58},"skip":true},{"start":{"line":112,"column":20},"end":{"line":112,"column":68},"skip":true}]},"15":{"line":129,"type":"if","locations":[{"start":{"line":129,"column":16},"end":{"line":129,"column":16},"skip":true},{"start":{"line":129,"column":16},"end":{"line":129,"column":16},"skip":true}]},"16":{"line":134,"type":"cond-expr","locations":[{"start":{"line":135,"column":26},"end":{"line":135,"column":29},"skip":true},{"start":{"line":136,"column":26},"end":{"line":136,"column":54},"skip":true}]},"17":{"line":164,"type":"binary-expr","locations":[{"start":{"line":164,"column":27},"end":{"line":164,"column":43},"skip":true},{"start":{"line":164,"column":47},"end":{"line":164,"column":49},"skip":true}]},"18":{"line":258,"type":"if","locations":[{"start":{"line":258,"column":8},"end":{"line":258,"column":8},"skip":true},{"start":{"line":258,"column":8},"end":{"line":258,"column":8},"skip":true}]},"19":{"line":275,"type":"switch","locations":[{"start":{"line":276,"column":20},"end":{"line":277,"column":64},"skip":true},{"start":{"line":278,"column":20},"end":{"line":279,"column":40},"skip":true},{"start":{"line":280,"column":20},"end":{"line":281,"column":40},"skip":true},{"start":{"line":282,"column":20},"end":{"line":283,"column":39},"skip":true}]},"20":{"line":288,"type":"if","locations":[{"start":{"line":288,"column":8},"end":{"line":288,"column":8},"skip":true},{"start":{"line":288,"column":8},"end":{"line":288,"column":8},"skip":true}]},"21":{"line":288,"type":"binary-expr","locations":[{"start":{"line":288,"column":12},"end":{"line":288,"column":40},"skip":true},{"start":{"line":288,"column":44},"end":{"line":288,"column":67},"skip":true}]},"22":{"line":292,"type":"binary-expr","locations":[{"start":{"line":292,"column":12},"end":{"line":292,"column":50},"skip":true},{"start":{"line":293,"column":12},"end":{"line":293,"column":53},"skip":true}]},"23":{"line":297,"type":"binary-expr","locations":[{"start":{"line":297,"column":12},"end":{"line":297,"column":67},"skip":true},{"start":{"line":298,"column":12},"end":{"line":301,"column":36},"skip":true}]},"24":{"line":303,"type":"binary-expr","locations":[{"start":{"line":303,"column":43},"end":{"line":303,"column":75},"skip":true},{"start":{"line":303,"column":79},"end":{"line":303,"column":81},"skip":true}]},"25":{"line":306,"type":"if","locations":[{"start":{"line":306,"column":8},"end":{"line":306,"column":8},"skip":true},{"start":{"line":306,"column":8},"end":{"line":306,"column":8},"skip":true}]},"26":{"line":310,"type":"if","locations":[{"start":{"line":310,"column":8},"end":{"line":310,"column":8},"skip":true},{"start":{"line":310,"column":8},"end":{"line":310,"column":8},"skip":true}]},"27":{"line":313,"type":"binary-expr","locations":[{"start":{"line":313,"column":27},"end":{"line":313,"column":43},"skip":true},{"start":{"line":313,"column":47},"end":{"line":313,"column":53},"skip":true}]},"28":{"line":317,"type":"if","locations":[{"start":{"line":317,"column":12},"end":{"line":317,"column":12},"skip":true},{"start":{"line":317,"column":12},"end":{"line":317,"column":12},"skip":true}]}},"code":["/*","example.js","","quickstart example","","instruction","    1. save this script as example.js","    2. run the shell command:","        $ npm install npmtest-indico.io && PORT=8081 node example.js","    3. play with the browser-demo on http://127.0.0.1:8081","*/","","","","/* istanbul instrument in package npmtest_indico_io */","/*jslint","    bitwise: true,","    browser: true,","    maxerr: 8,","    maxlen: 96,","    node: true,","    nomen: true,","    regexp: true,","    stupid: true","*/","(function () {","    'use strict';","    var local;","","","","    // run shared js-env code - pre-init","    (function () {","        // init local","        local = {};","        // init modeJs","        local.modeJs = (function () {","            try {","                return typeof navigator.userAgent === 'string' &&","                    typeof document.querySelector('body') === 'object' &&","                    typeof XMLHttpRequest.prototype.open === 'function' &&","                    'browser';","            } catch (errorCaughtBrowser) {","                return module.exports &&","                    typeof process.versions.node === 'string' &&","                    typeof require('http').createServer === 'function' &&","                    'node';","            }","        }());","        // init global","        local.global = local.modeJs === 'browser'","            ? window","            : global;","        // init utility2_rollup","        local = local.global.utility2_rollup || (local.modeJs === 'browser'","            ? local.global.utility2_npmtest_indico_io","            : global.utility2_moduleExports);","        // export local","        local.global.local = local;","    }());","    switch (local.modeJs) {","","","","    // post-init","    // run browser js-env code - post-init","    /* istanbul ignore next */","    case 'browser':","        local.testRunBrowser = function (event) {","            if (!event || (event &&","                    event.currentTarget &&","                    event.currentTarget.className &&","                    event.currentTarget.className.includes &&","                    event.currentTarget.className.includes('onreset'))) {","                // reset output","                Array.from(","                    document.querySelectorAll('body > .resettable')","                ).forEach(function (element) {","                    switch (element.tagName) {","                    case 'INPUT':","                    case 'TEXTAREA':","                        element.value = '';","                        break;","                    default:","                        element.textContent = '';","                    }","                });","            }","            switch (event && event.currentTarget && event.currentTarget.id) {","            case 'testRunButton1':","                // show tests","                if (document.querySelector('#testReportDiv1').style.display === 'none') {","                    document.querySelector('#testReportDiv1').style.display = 'block';","                    document.querySelector('#testRunButton1').textContent =","                        'hide internal test';","                    local.modeTest = true;","                    local.testRunDefault(local);","                // hide tests","                } else {","                    document.querySelector('#testReportDiv1').style.display = 'none';","                    document.querySelector('#testRunButton1').textContent = 'run internal test';","                }","                break;","            // custom-case","            default:","                break;","            }","            if (document.querySelector('#inputTextareaEval1') && (!event || (event &&","                    event.currentTarget &&","                    event.currentTarget.className &&","                    event.currentTarget.className.includes &&","                    event.currentTarget.className.includes('oneval')))) {","                // try to eval input-code","                try {","                    /*jslint evil: true*/","                    eval(document.querySelector('#inputTextareaEval1').value);","                } catch (errorCaught) {","                    console.error(errorCaught);","                }","            }","        };","        // log stderr and stdout to #outputTextareaStdout1","        ['error', 'log'].forEach(function (key) {","            console[key + '_original'] = console[key];","            console[key] = function () {","                var element;","                console[key + '_original'].apply(console, arguments);","                element = document.querySelector('#outputTextareaStdout1');","                if (!element) {","                    return;","                }","                // append text to #outputTextareaStdout1","                element.value += Array.from(arguments).map(function (arg) {","                    return typeof arg === 'string'","                        ? arg","                        : JSON.stringify(arg, null, 4);","                }).join(' ') + '\\n';","                // scroll textarea to bottom","                element.scrollTop = element.scrollHeight;","            };","        });","        // init event-handling","        ['change', 'click', 'keyup'].forEach(function (event) {","            Array.from(document.querySelectorAll('.on' + event)).forEach(function (element) {","                element.addEventListener(event, local.testRunBrowser);","            });","        });","        // run tests","        local.testRunBrowser();","        break;","","","","    // run node js-env code - post-init","    /* istanbul ignore next */","    case 'node':","        // export local","        module.exports = local;","        // require modules","        local.fs = require('fs');","        local.http = require('http');","        local.url = require('url');","        // init assets","        local.assetsDict = local.assetsDict || {};","        /* jslint-ignore-begin */","        local.assetsDict['/assets.index.template.html'] = '\\","<!doctype html>\\n\\","<html lang=\"en\">\\n\\","<head>\\n\\","<meta charset=\"UTF-8\">\\n\\","<meta name=\"viewport\" content=\"width=device-width, initial-scale=1\">\\n\\","<title>{{env.npm_package_name}} (v{{env.npm_package_version}})</title>\\n\\","<style>\\n\\","/*csslint\\n\\","    box-sizing: false,\\n\\","    universal-selector: false\\n\\","*/\\n\\","* {\\n\\","    box-sizing: border-box;\\n\\","}\\n\\","body {\\n\\","    background: #dde;\\n\\","    font-family: Arial, Helvetica, sans-serif;\\n\\","    margin: 2rem;\\n\\","}\\n\\","body > * {\\n\\","    margin-bottom: 1rem;\\n\\","}\\n\\",".utility2FooterDiv {\\n\\","    margin-top: 20px;\\n\\","    text-align: center;\\n\\","}\\n\\","</style>\\n\\","<style>\\n\\","/*csslint\\n\\","*/\\n\\","textarea {\\n\\","    font-family: monospace;\\n\\","    height: 10rem;\\n\\","    width: 100%;\\n\\","}\\n\\","textarea[readonly] {\\n\\","    background: #ddd;\\n\\","}\\n\\","</style>\\n\\","</head>\\n\\","<body>\\n\\","<!-- utility2-comment\\n\\","<div id=\"ajaxProgressDiv1\" style=\"background: #d00; height: 2px; left: 0; margin: 0; padding: 0; position: fixed; top: 0; transition: background 0.5s, width 1.5s; width: 25%;\"></div>\\n\\","utility2-comment -->\\n\\","<h1>\\n\\","<!-- utility2-comment\\n\\","    <a\\n\\","        {{#if env.npm_package_homepage}}\\n\\","        href=\"{{env.npm_package_homepage}}\"\\n\\","        {{/if env.npm_package_homepage}}\\n\\","        target=\"_blank\"\\n\\","    >\\n\\","utility2-comment -->\\n\\","        {{env.npm_package_name}} (v{{env.npm_package_version}})\\n\\","<!-- utility2-comment\\n\\","    </a>\\n\\","utility2-comment -->\\n\\","</h1>\\n\\","<h3>{{env.npm_package_description}}</h3>\\n\\","<!-- utility2-comment\\n\\","<h4><a download href=\"assets.app.js\">download standalone app</a></h4>\\n\\","<button class=\"onclick onreset\" id=\"testRunButton1\">run internal test</button><br>\\n\\","<div id=\"testReportDiv1\" style=\"display: none;\"></div>\\n\\","utility2-comment -->\\n\\","\\n\\","\\n\\","\\n\\","<label>stderr and stdout</label>\\n\\","<textarea class=\"resettable\" id=\"outputTextareaStdout1\" readonly></textarea>\\n\\","<!-- utility2-comment\\n\\","{{#if isRollup}}\\n\\","<script src=\"assets.app.js\"></script>\\n\\","{{#unless isRollup}}\\n\\","utility2-comment -->\\n\\","<script src=\"assets.utility2.rollup.js\"></script>\\n\\","<script src=\"jsonp.utility2._stateInit?callback=window.utility2._stateInit\"></script>\\n\\","<script src=\"assets.npmtest_indico_io.rollup.js\"></script>\\n\\","<script src=\"assets.example.js\"></script>\\n\\","<script src=\"assets.test.js\"></script>\\n\\","<!-- utility2-comment\\n\\","{{/if isRollup}}\\n\\","utility2-comment -->\\n\\","<div class=\"utility2FooterDiv\">\\n\\","    [ this app was created with\\n\\","    <a href=\"https://github.com/kaizhu256/node-utility2\" target=\"_blank\">utility2</a>\\n\\","    ]\\n\\","</div>\\n\\","</body>\\n\\","</html>\\n\\","';","        /* jslint-ignore-end */","        if (local.templateRender) {","            local.assetsDict['/'] = local.templateRender(","                local.assetsDict['/assets.index.template.html'],","                {","                    env: local.objectSetDefault(local.env, {","                        npm_package_description: 'the greatest app in the world!',","                        npm_package_name: 'my-app',","                        npm_package_nameAlias: 'my_app',","                        npm_package_version: '0.0.1'","                    })","                }","            );","        } else {","            local.assetsDict['/'] = local.assetsDict['/assets.index.template.html']","                .replace((/\\{\\{env\\.(\\w+?)\\}\\}/g), function (match0, match1) {","                    // jslint-hack","                    String(match0);","                    switch (match1) {","                    case 'npm_package_description':","                        return 'the greatest app in the world!';","                    case 'npm_package_name':","                        return 'my-app';","                    case 'npm_package_nameAlias':","                        return 'my_app';","                    case 'npm_package_version':","                        return '0.0.1';","                    }","                });","        }","        // run the cli","        if (local.global.utility2_rollup || module !== require.main) {","            break;","        }","        local.assetsDict['/assets.example.js'] =","            local.assetsDict['/assets.example.js'] ||","            local.fs.readFileSync(__filename, 'utf8');","        // bug-workaround - long $npm_package_buildCustomOrg","        /* jslint-ignore-begin */","        local.assetsDict['/assets.npmtest_indico_io.rollup.js'] =","            local.assetsDict['/assets.npmtest_indico_io.rollup.js'] ||","            local.fs.readFileSync(","                local.npmtest_indico_io.__dirname + '/lib.npmtest_indico_io.js',","                'utf8'","            ).replace((/^#!/), '//');","        /* jslint-ignore-end */","        local.assetsDict['/favicon.ico'] = local.assetsDict['/favicon.ico'] || '';","        // if $npm_config_timeout_exit exists,","        // then exit this process after $npm_config_timeout_exit ms","        if (Number(process.env.npm_config_timeout_exit)) {","            setTimeout(process.exit, Number(process.env.npm_config_timeout_exit));","        }","        // start server","        if (local.global.utility2_serverHttp1) {","            break;","        }","        process.env.PORT = process.env.PORT || '8081';","        console.error('server starting on port ' + process.env.PORT);","        local.http.createServer(function (request, response) {","            request.urlParsed = local.url.parse(request.url);","            if (local.assetsDict[request.urlParsed.pathname] !== undefined) {","                response.end(local.assetsDict[request.urlParsed.pathname]);","                return;","            }","            response.statusCode = 404;","            response.end();","        }).listen(process.env.PORT);","        break;","    }","}());",""],"l":{"26":2,"28":2,"33":2,"35":2,"37":2,"38":2,"39":2,"44":1,"51":2,"55":2,"59":2,"61":2,"69":1,"70":2,"76":2,"79":2,"82":2,"83":2,"85":1,"89":2,"92":1,"93":1,"94":1,"96":1,"97":1,"100":1,"101":1,"103":1,"106":1,"108":2,"114":1,"116":1,"118":1,"123":1,"124":2,"125":2,"126":3,"127":3,"128":3,"129":3,"130":1,"133":3,"134":3,"139":3,"143":1,"144":3,"145":1,"149":1,"150":1,"158":1,"160":1,"161":1,"162":1,"164":1,"166":1,"258":1,"259":1,"271":1,"274":6,"275":6,"277":1,"279":2,"281":1,"283":2,"288":1,"289":1,"291":1,"296":1,"303":1,"306":1,"307":1,"310":1,"311":1,"313":1,"314":1,"315":1,"316":1,"317":1,"318":1,"319":1,"321":1,"322":1,"324":1}},"/home/travis/build/npmtest/node-npmtest-indico.io/node_modules/indico.io/lib/indico.js":{"path":"/home/travis/build/npmtest/node-npmtest-indico.io/node_modules/indico.io/lib/indico.js","s":{"1":1,"2":1,"3":26,"4":1,"5":55,"6":55,"7":1,"8":26,"9":26,"10":1,"11":55,"12":55,"13":1,"14":0,"15":1,"16":0,"17":0,"18":0,"19":1,"20":0,"21":0,"22":0,"23":0,"24":0,"25":0,"26":0,"27":1,"28":1},"b":{"1":[0,0],"2":[0,0],"3":[0,0],"4":[0,0]},"f":{"1":26,"2":55,"3":55,"4":26,"5":0,"6":0,"7":0},"fnMap":{"1":{"name":"capitalize","line":8,"loc":{"start":{"line":8,"column":0},"end":{"line":8,"column":25}}},"2":{"name":"snakeCase","line":12,"loc":{"start":{"line":12,"column":0},"end":{"line":12,"column":24}}},"3":{"name":"(anonymous_3)","line":13,"loc":{"start":{"line":13,"column":33},"end":{"line":13,"column":49}}},"4":{"name":"(anonymous_4)","line":18,"loc":{"start":{"line":18,"column":17},"end":{"line":18,"column":32}}},"5":{"name":"(anonymous_5)","line":29,"loc":{"start":{"line":29,"column":20},"end":{"line":29,"column":53}}},"6":{"name":"(anonymous_6)","line":33,"loc":{"start":{"line":33,"column":21},"end":{"line":33,"column":38}}},"7":{"name":"(anonymous_7)","line":39,"loc":{"start":{"line":39,"column":19},"end":{"line":39,"column":51}}}},"statementMap":{"1":{"start":{"line":1,"column":0},"end":{"line":6,"column":43}},"2":{"start":{"line":8,"column":0},"end":{"line":10,"column":1}},"3":{"start":{"line":9,"column":2},"end":{"line":9,"column":52}},"4":{"start":{"line":12,"column":0},"end":{"line":16,"column":1}},"5":{"start":{"line":13,"column":2},"end":{"line":15,"column":5}},"6":{"start":{"line":14,"column":4},"end":{"line":14,"column":36}},"7":{"start":{"line":18,"column":0},"end":{"line":21,"column":3}},"8":{"start":{"line":19,"column":2},"end":{"line":19,"column":44}},"9":{"start":{"line":20,"column":2},"end":{"line":20,"column":65}},"10":{"start":{"line":24,"column":0},"end":{"line":27,"column":1}},"11":{"start":{"line":25,"column":2},"end":{"line":25,"column":41}},"12":{"start":{"line":26,"column":2},"end":{"line":26,"column":44}},"13":{"start":{"line":29,"column":0},"end":{"line":31,"column":1}},"14":{"start":{"line":30,"column":2},"end":{"line":30,"column":48}},"15":{"start":{"line":33,"column":0},"end":{"line":37,"column":1}},"16":{"start":{"line":34,"column":2},"end":{"line":34,"column":36}},"17":{"start":{"line":35,"column":2},"end":{"line":35,"column":26}},"18":{"start":{"line":36,"column":2},"end":{"line":36,"column":72}},"19":{"start":{"line":39,"column":0},"end":{"line":47,"column":1}},"20":{"start":{"line":40,"column":2},"end":{"line":40,"column":32}},"21":{"start":{"line":41,"column":2},"end":{"line":41,"column":24}},"22":{"start":{"line":42,"column":2},"end":{"line":42,"column":26}},"23":{"start":{"line":43,"column":2},"end":{"line":43,"column":36}},"24":{"start":{"line":44,"column":2},"end":{"line":44,"column":45}},"25":{"start":{"line":45,"column":2},"end":{"line":45,"column":26}},"26":{"start":{"line":46,"column":2},"end":{"line":46,"column":64}},"27":{"start":{"line":48,"column":0},"end":{"line":48,"column":33}},"28":{"start":{"line":50,"column":0},"end":{"line":50,"column":24}}},"branchMap":{"1":{"line":34,"type":"binary-expr","locations":[{"start":{"line":34,"column":12},"end":{"line":34,"column":29}},{"start":{"line":34,"column":33},"end":{"line":34,"column":36}}]},"2":{"line":41,"type":"binary-expr","locations":[{"start":{"line":41,"column":11},"end":{"line":41,"column":17}},{"start":{"line":41,"column":21},"end":{"line":41,"column":23}}]},"3":{"line":43,"type":"binary-expr","locations":[{"start":{"line":43,"column":12},"end":{"line":43,"column":29}},{"start":{"line":43,"column":33},"end":{"line":43,"column":36}}]},"4":{"line":44,"type":"binary-expr","locations":[{"start":{"line":44,"column":20},"end":{"line":44,"column":35}},{"start":{"line":44,"column":39},"end":{"line":44,"column":44}}]}},"code":["var services = require('./services.js').services","  , makeRequest = require('./services.js').makeRequest","  , apiRequest = require('./services.js').apiRequest","  , detectBatch = require('./services.js').detectBatch","  , Collection = require('./custom.js')","  , indico = require('./services.js').base;","","function capitalize(str) {","  return str.charAt(0).toUpperCase() + str.slice(1);","}","","function snakeCase(str) {","  return str.replace(/([A-Z])/g, function (char) {","    return '_' + char.toLowerCase();","  });","}","","services.forEach(function (api) {","  indico[api.name] = apiRequest(api, false);","  indico[\"batch\" + capitalize(api.name)] = apiRequest(api, true);","});","","// camelCase + snake_case + lowercase supported","for (name in indico) {","  indico[snakeCase(name)] = indico[name];","  indico[name.toLowerCase()] = indico[name];","}","","indico.Collection = function(collectionName, config) {","  return new Collection(collectionName, config);","}","","indico.collections = function(config) {","  version = config['version'] || '1'","  delete config['version']","  return makeRequest('/custom/collections', version, {}, false, config);","}","","indico.relevance = function(data, queries, config) {","  var batch = detectBatch(data);","  config = config || {};","  config.queries = queries","  version = config['version'] || '1'","  config.synonyms = config.synonyms || false;","  delete config['version']","  return makeRequest('/relevance', version, data, batch, config)","}","indico.posneg = indico.sentiment;","","module.exports = indico;",""],"l":{"1":1,"8":1,"9":26,"12":1,"13":55,"14":55,"18":1,"19":26,"20":26,"24":1,"25":55,"26":55,"29":1,"30":0,"33":1,"34":0,"35":0,"36":0,"39":1,"40":0,"41":0,"42":0,"43":0,"44":0,"45":0,"46":0,"48":1,"50":1}},"/home/travis/build/npmtest/node-npmtest-indico.io/node_modules/indico.io/lib/services.js":{"path":"/home/travis/build/npmtest/node-npmtest-indico.io/node_modules/indico.io/lib/services.js","s":{"1":1,"2":1,"3":1,"4":1,"5":1,"6":1,"7":1,"8":0,"9":1,"10":0,"11":1,"12":0,"13":0,"14":0,"15":0,"16":0,"17":1,"18":0,"19":0,"20":0,"21":0,"22":0,"23":0,"24":0,"25":1,"26":0,"27":0,"28":0,"29":0,"30":1,"31":0,"32":0,"33":0,"34":0,"35":0,"36":0,"37":0,"38":0,"39":1,"40":0,"41":0,"42":0,"43":0,"44":0,"45":0,"46":0,"47":0,"48":0,"49":0,"50":0,"51":0,"52":0,"53":0,"54":0,"55":0,"56":0,"57":0,"58":0,"59":0,"60":0,"61":0,"62":0,"63":0,"64":0,"65":0,"66":1,"67":52,"68":0,"69":0,"70":0,"71":0,"72":0,"73":0,"74":0,"75":0,"76":0,"77":0,"78":0,"79":0,"80":0,"81":0,"82":1},"b":{"1":[0,0],"2":[0,0],"3":[0,0],"4":[0,0],"5":[0,0,0],"6":[0,0],"7":[0,0],"8":[0,0],"9":[0,0],"10":[0,0],"11":[0,0],"12":[0,0],"13":[0,0],"14":[0,0],"15":[0,0],"16":[0,0],"17":[0,0],"18":[0,0],"19":[0,0],"20":[0,0],"21":[0,0],"22":[0,0],"23":[0,0],"24":[0,0],"25":[0,0]},"f":{"1":0,"2":0,"3":0,"4":0,"5":0,"6":0,"7":0,"8":0,"9":0,"10":52,"11":0,"12":0,"13":0},"fnMap":{"1":{"name":"detectBatch","line":14,"loc":{"start":{"line":14,"column":0},"end":{"line":14,"column":27}}},"2":{"name":"endsWith","line":18,"loc":{"start":{"line":18,"column":0},"end":{"line":18,"column":31}}},"3":{"name":"extend","line":22,"loc":{"start":{"line":22,"column":0},"end":{"line":22,"column":24}}},"4":{"name":"(anonymous_4)","line":24,"loc":{"start":{"line":24,"column":20},"end":{"line":24,"column":38}}},"5":{"name":"service","line":32,"loc":{"start":{"line":32,"column":0},"end":{"line":32,"column":37}}},"6":{"name":"addKeywordArguments","line":49,"loc":{"start":{"line":49,"column":0},"end":{"line":49,"column":43}}},"7":{"name":"postprocess","line":59,"loc":{"start":{"line":59,"column":0},"end":{"line":59,"column":36}}},"8":{"name":"(anonymous_8)","line":73,"loc":{"start":{"line":73,"column":18},"end":{"line":73,"column":64}}},"9":{"name":"(anonymous_9)","line":113,"loc":{"start":{"line":113,"column":31},"end":{"line":113,"column":50}}},"10":{"name":"(anonymous_10)","line":134,"loc":{"start":{"line":134,"column":17},"end":{"line":134,"column":39}}},"11":{"name":"(anonymous_11)","line":135,"loc":{"start":{"line":135,"column":9},"end":{"line":135,"column":33}}},"12":{"name":"(anonymous_12)","line":151,"loc":{"start":{"line":151,"column":68},"end":{"line":151,"column":87}}},"13":{"name":"(anonymous_13)","line":155,"loc":{"start":{"line":155,"column":46},"end":{"line":155,"column":65}}}},"statementMap":{"1":{"start":{"line":1,"column":0},"end":{"line":5,"column":52}},"2":{"start":{"line":7,"column":0},"end":{"line":7,"column":30}},"3":{"start":{"line":9,"column":0},"end":{"line":9,"column":14}},"4":{"start":{"line":10,"column":0},"end":{"line":10,"column":20}},"5":{"start":{"line":11,"column":0},"end":{"line":11,"column":19}},"6":{"start":{"line":12,"column":0},"end":{"line":12,"column":30}},"7":{"start":{"line":14,"column":0},"end":{"line":16,"column":1}},"8":{"start":{"line":15,"column":2},"end":{"line":15,"column":68}},"9":{"start":{"line":18,"column":0},"end":{"line":20,"column":1}},"10":{"start":{"line":19,"column":4},"end":{"line":19,"column":66}},"11":{"start":{"line":22,"column":0},"end":{"line":30,"column":1}},"12":{"start":{"line":23,"column":4},"end":{"line":23,"column":46}},"13":{"start":{"line":24,"column":4},"end":{"line":28,"column":7}},"14":{"start":{"line":25,"column":8},"end":{"line":27,"column":9}},"15":{"start":{"line":26,"column":12},"end":{"line":26,"column":40}},"16":{"start":{"line":29,"column":4},"end":{"line":29,"column":18}},"17":{"start":{"line":32,"column":0},"end":{"line":47,"column":1}},"18":{"start":{"line":33,"column":2},"end":{"line":33,"column":29}},"19":{"start":{"line":36,"column":2},"end":{"line":40,"column":3}},"20":{"start":{"line":37,"column":4},"end":{"line":37,"column":54}},"21":{"start":{"line":39,"column":4},"end":{"line":39,"column":31}},"22":{"start":{"line":42,"column":2},"end":{"line":44,"column":3}},"23":{"start":{"line":43,"column":4},"end":{"line":43,"column":25}},"24":{"start":{"line":46,"column":2},"end":{"line":46,"column":36}},"25":{"start":{"line":49,"column":0},"end":{"line":57,"column":1}},"26":{"start":{"line":51,"column":2},"end":{"line":55,"column":3}},"27":{"start":{"line":52,"column":4},"end":{"line":54,"column":5}},"28":{"start":{"line":53,"column":6},"end":{"line":53,"column":30}},"29":{"start":{"line":56,"column":2},"end":{"line":56,"column":14}},"30":{"start":{"line":59,"column":0},"end":{"line":71,"column":1}},"31":{"start":{"line":60,"column":2},"end":{"line":69,"column":34}},"32":{"start":{"line":61,"column":6},"end":{"line":61,"column":33}},"33":{"start":{"line":62,"column":6},"end":{"line":68,"column":7}},"34":{"start":{"line":63,"column":8},"end":{"line":67,"column":9}},"35":{"start":{"line":64,"column":10},"end":{"line":64,"column":59}},"36":{"start":{"line":66,"column":10},"end":{"line":66,"column":48}},"37":{"start":{"line":69,"column":6},"end":{"line":69,"column":31}},"38":{"start":{"line":70,"column":2},"end":{"line":70,"column":17}},"39":{"start":{"line":73,"column":0},"end":{"line":132,"column":1}},"40":{"start":{"line":74,"column":2},"end":{"line":74,"column":59}},"41":{"start":{"line":75,"column":2},"end":{"line":75,"column":70}},"42":{"start":{"line":78,"column":2},"end":{"line":78,"column":45}},"43":{"start":{"line":79,"column":2},"end":{"line":79,"column":16}},"44":{"start":{"line":81,"column":2},"end":{"line":81,"column":22}},"45":{"start":{"line":82,"column":2},"end":{"line":82,"column":43}},"46":{"start":{"line":84,"column":2},"end":{"line":88,"column":3}},"47":{"start":{"line":85,"column":4},"end":{"line":85,"column":55}},"48":{"start":{"line":87,"column":4},"end":{"line":87,"column":44}},"49":{"start":{"line":90,"column":2},"end":{"line":90,"column":17}},"50":{"start":{"line":91,"column":2},"end":{"line":93,"column":3}},"51":{"start":{"line":92,"column":6},"end":{"line":92,"column":41}},"52":{"start":{"line":95,"column":2},"end":{"line":97,"column":3}},"53":{"start":{"line":96,"column":6},"end":{"line":96,"column":37}},"54":{"start":{"line":99,"column":2},"end":{"line":111,"column":4}},"55":{"start":{"line":113,"column":2},"end":{"line":131,"column":5}},"56":{"start":{"line":114,"column":4},"end":{"line":114,"column":25}},"57":{"start":{"line":115,"column":4},"end":{"line":115,"column":26}},"58":{"start":{"line":119,"column":4},"end":{"line":119,"column":43}},"59":{"start":{"line":121,"column":4},"end":{"line":123,"column":5}},"60":{"start":{"line":122,"column":6},"end":{"line":122,"column":28}},"61":{"start":{"line":124,"column":4},"end":{"line":126,"column":5}},"62":{"start":{"line":125,"column":6},"end":{"line":125,"column":46}},"63":{"start":{"line":127,"column":4},"end":{"line":127,"column":39}},"64":{"start":{"line":128,"column":4},"end":{"line":128,"column":41}},"65":{"start":{"line":130,"column":4},"end":{"line":130,"column":18}},"66":{"start":{"line":134,"column":0},"end":{"line":162,"column":1}},"67":{"start":{"line":135,"column":2},"end":{"line":161,"column":4}},"68":{"start":{"line":136,"column":4},"end":{"line":136,"column":25}},"69":{"start":{"line":139,"column":4},"end":{"line":139,"column":46}},"70":{"start":{"line":141,"column":4},"end":{"line":141,"column":43}},"71":{"start":{"line":142,"column":4},"end":{"line":142,"column":48}},"72":{"start":{"line":145,"column":4},"end":{"line":147,"column":5}},"73":{"start":{"line":146,"column":6},"end":{"line":146,"column":18}},"74":{"start":{"line":149,"column":4},"end":{"line":160,"column":5}},"75":{"start":{"line":150,"column":6},"end":{"line":150,"column":77}},"76":{"start":{"line":151,"column":6},"end":{"line":153,"column":9}},"77":{"start":{"line":152,"column":8},"end":{"line":152,"column":75}},"78":{"start":{"line":154,"column":11},"end":{"line":160,"column":5}},"79":{"start":{"line":155,"column":6},"end":{"line":157,"column":9}},"80":{"start":{"line":156,"column":8},"end":{"line":156,"column":75}},"81":{"start":{"line":159,"column":6},"end":{"line":159,"column":69}},"82":{"start":{"line":164,"column":0},"end":{"line":322,"column":2}}},"branchMap":{"1":{"line":36,"type":"if","locations":[{"start":{"line":36,"column":2},"end":{"line":36,"column":2}},{"start":{"line":36,"column":2},"end":{"line":36,"column":2}}]},"2":{"line":42,"type":"if","locations":[{"start":{"line":42,"column":2},"end":{"line":42,"column":2}},{"start":{"line":42,"column":2},"end":{"line":42,"column":2}}]},"3":{"line":42,"type":"binary-expr","locations":[{"start":{"line":42,"column":6},"end":{"line":42,"column":39}},{"start":{"line":42,"column":43},"end":{"line":42,"column":81}}]},"4":{"line":52,"type":"if","locations":[{"start":{"line":52,"column":4},"end":{"line":52,"column":4}},{"start":{"line":52,"column":4},"end":{"line":52,"column":4}}]},"5":{"line":52,"type":"binary-expr","locations":[{"start":{"line":52,"column":8},"end":{"line":52,"column":24}},{"start":{"line":52,"column":28},"end":{"line":52,"column":50}},{"start":{"line":52,"column":54},"end":{"line":52,"column":68}}]},"6":{"line":60,"type":"if","locations":[{"start":{"line":60,"column":2},"end":{"line":60,"column":2}},{"start":{"line":60,"column":2},"end":{"line":60,"column":2}}]},"7":{"line":63,"type":"if","locations":[{"start":{"line":63,"column":8},"end":{"line":63,"column":8}},{"start":{"line":63,"column":8},"end":{"line":63,"column":8}}]},"8":{"line":78,"type":"cond-expr","locations":[{"start":{"line":78,"column":22},"end":{"line":78,"column":36}},{"start":{"line":78,"column":39},"end":{"line":78,"column":44}}]},"9":{"line":84,"type":"if","locations":[{"start":{"line":84,"column":2},"end":{"line":84,"column":2}},{"start":{"line":84,"column":2},"end":{"line":84,"column":2}}]},"10":{"line":84,"type":"binary-expr","locations":[{"start":{"line":84,"column":6},"end":{"line":84,"column":33}},{"start":{"line":84,"column":37},"end":{"line":84,"column":42}}]},"11":{"line":87,"type":"cond-expr","locations":[{"start":{"line":87,"column":20},"end":{"line":87,"column":35}},{"start":{"line":87,"column":38},"end":{"line":87,"column":42}}]},"12":{"line":91,"type":"if","locations":[{"start":{"line":91,"column":2},"end":{"line":91,"column":2}},{"start":{"line":91,"column":2},"end":{"line":91,"column":2}}]},"13":{"line":95,"type":"if","locations":[{"start":{"line":95,"column":2},"end":{"line":95,"column":2}},{"start":{"line":95,"column":2},"end":{"line":95,"column":2}}]},"14":{"line":121,"type":"if","locations":[{"start":{"line":121,"column":4},"end":{"line":121,"column":4}},{"start":{"line":121,"column":4},"end":{"line":121,"column":4}}]},"15":{"line":124,"type":"if","locations":[{"start":{"line":124,"column":4},"end":{"line":124,"column":4}},{"start":{"line":124,"column":4},"end":{"line":124,"column":4}}]},"16":{"line":136,"type":"binary-expr","locations":[{"start":{"line":136,"column":13},"end":{"line":136,"column":19}},{"start":{"line":136,"column":23},"end":{"line":136,"column":25}}]},"17":{"line":139,"type":"binary-expr","locations":[{"start":{"line":139,"column":28},"end":{"line":139,"column":38}},{"start":{"line":139,"column":42},"end":{"line":139,"column":44}}]},"18":{"line":141,"type":"binary-expr","locations":[{"start":{"line":141,"column":16},"end":{"line":141,"column":21}},{"start":{"line":141,"column":25},"end":{"line":141,"column":42}}]},"19":{"line":142,"type":"binary-expr","locations":[{"start":{"line":142,"column":18},"end":{"line":142,"column":32}},{"start":{"line":142,"column":36},"end":{"line":142,"column":47}}]},"20":{"line":145,"type":"if","locations":[{"start":{"line":145,"column":4},"end":{"line":145,"column":4}},{"start":{"line":145,"column":4},"end":{"line":145,"column":4}}]},"21":{"line":145,"type":"binary-expr","locations":[{"start":{"line":145,"column":8},"end":{"line":145,"column":28}},{"start":{"line":145,"column":32},"end":{"line":145,"column":63}}]},"22":{"line":149,"type":"if","locations":[{"start":{"line":149,"column":4},"end":{"line":149,"column":4}},{"start":{"line":149,"column":4},"end":{"line":149,"column":4}}]},"23":{"line":150,"type":"cond-expr","locations":[{"start":{"line":150,"column":60},"end":{"line":150,"column":65}},{"start":{"line":150,"column":68},"end":{"line":150,"column":76}}]},"24":{"line":150,"type":"binary-expr","locations":[{"start":{"line":150,"column":18},"end":{"line":150,"column":36}},{"start":{"line":150,"column":40},"end":{"line":150,"column":56}}]},"25":{"line":154,"type":"if","locations":[{"start":{"line":154,"column":11},"end":{"line":154,"column":11}},{"start":{"line":154,"column":11},"end":{"line":154,"column":11}}]}},"code":["var Promise = require('bluebird')","  , settings = require('./settings.js')","  , image = require('./image.js')","  , pdf = require('./pdf.js')","  , request = Promise.promisify(require('request'));","","Promise.promisifyAll(request);","","var base = {};","base.apiKey = false;","base.cloud = false;","base.host = 'apiv2.indico.io';","","function detectBatch(data) {","  return Object.prototype.toString.call(data).indexOf(\"Array\") > -1;","}","","function endsWith(str, suffix) {","    return str.indexOf(suffix, str.length - suffix.length) !== -1;","}","","function extend(target) {","    var sources = [].slice.call(arguments, 1);","    sources.forEach(function (source) {","        for (var prop in source) {","            target[prop] = source[prop];","        }","    });","    return target;","}","","function service(name, privateCloud) {","  var url_protocol = \"https\";","","  /* given a set of parameters, returns the proper url for the REST api*/","  if (privateCloud) {","    var url = privateCloud + '.indico.domains' + name;","  } else {","    var url = base.host + name;","  }","","  if (!endsWith(base.host, \"indico.io\") && !endsWith(base.host, \"indico.domains\")) {","    url_protocol = \"http\"","  }","","  return url_protocol + \"://\" + url;","}","","function addKeywordArguments(body, config) {","  // pass along additional keyword args in JSON body","  for (var key in config) {","    if (key !== 'apiKey' && key !== 'privateCloud' && key !== 'apis') {","      body[key] = config[key];","    }","  }","  return body;","}","","function postprocess(results, name) {","  if (name.indexOf('apis') === 1) {","      var formatted_results = {};","      for (api in results) {","        if ('results' in results[api]) {","          formatted_results[api] = results[api]['results'];","        } else {","          formatted_results[api] = results[api];","        }","      }","      return formatted_results;  }","  return results;","}","","var makeRequest = function (name, version, data, batch, config) {","  var apiKey = settings.resolveApiKey(config, base.apiKey);","  var privateCloud = settings.resolvePrivateCloud(config, base.cloud);","","  // Params passed in as keyword arguments","  var apis = config ? config['apis'] : false;","  var body = {};","","  body['data'] = data;","  body = addKeywordArguments(body, config);","","  if (name.indexOf('custom') > -1 && batch) {","    name = '/custom/batch/' + name.split('custom/')[1];","  } else {","    name = (batch ? name + \"/batch\" : name);","  }","","  urlParams = {};","  if (apis) {","      urlParams[\"apis\"] = apis.join(\",\");","  }","","  if (version) {","      urlParams[\"version\"] = version;","  }","","  var options = {","    method: 'POST',","    url: service(name, privateCloud),","    body: JSON.stringify(body),","    headers: {","      'Content-type': 'application/json',","      'Accept': 'text/plain',","      'client-lib': 'node',","      'version-number': '0.9.0',","      'X-ApiKey': apiKey","    },","    qs: urlParams","  };","","  return request(options).then(function (results) {","    var res = results[0];","    var body = results[1];","    /*","    TODO: Make sure this matches the API headers","    */","    var warning = res.headers['X-Warning'];","","    if (warning) {","      console.warn(warning);","    }","    if (res.statusCode !== 200) {","      return new Error(JSON.parse(body).error)","    }","    results = JSON.parse(body).results;","    results = postprocess(results, name);","","    return results","  });","}","","var apiRequest = function (api, batch) {","  return function (data, config) {","    config = config || {}","","    // use api defaults when present","    config = extend(config, api.config || {});","","    var batch = batch || detectBatch(data);","    var version = config.version || api.version;","","    // Keywords Multilingual must be version 1","    if (\"language\" in config && config[\"language\"] != \"english\") {","      version = 1;","    }","","    if (api.type === \"image\") {","      var size = (api.name === \"fer\" && config[\"detect\"]) ? false : api.size;","      return image.preprocess(data, size, api.min_axis, batch).then(function(packaged) {","        return makeRequest(api.endpoint, version, packaged, batch, config);","      });","    } else if (api.type === \"pdf\") {","      return pdf.preprocess(data, batch).then(function(packaged) {","        return makeRequest(api.endpoint, version, packaged, batch, config);","      });","    } else {","      return makeRequest(api.endpoint, version, data, batch, config);","    }","  };","}","","module.exports = {","  'base': base,","  'service': service,","  'detectBatch': detectBatch,","  'makeRequest': makeRequest,","  'addKeywordArguments': addKeywordArguments,","  'apiRequest': apiRequest,","  'services': [","    {","         name: 'intersections'","       , type: 'text'","       , endpoint: '/apis/intersections'","    },","    {","         name: 'twitterEngagement'","       , type: 'text'","       , endpoint: '/twitterengagement'","    },","    {","         name: 'political'","       , type: 'text'","       , endpoint: '/political'","       , version: 2","    },","    {","         name: 'sentiment'","       , type: 'text'","       , endpoint: '/sentiment'","    },","    {","         name: 'sentimentHQ'","       , type: 'text'","       , endpoint: '/sentimenthq'","    },","    {","         name: 'personality'","       , type: 'text'","       , endpoint: '/personality'","    },","    {","         name: 'personas'","       , type: 'text'","       , endpoint: '/personality'","       , config: {'persona': true}","    },","    {","         name: 'language'","       , type: 'text'","       , endpoint: '/language'","    },","    {","         name: 'textTags'","       , type: 'text'","       , endpoint: '/texttags'","    },","    {","         name: 'keywords'","       , type: 'text'","       , endpoint: '/keywords'","       , version: 2","    },","    {","         name: 'people'","       , type: 'text'","       , endpoint: '/people'","       , version: 2","    },","    {","         name: 'places'","       , type: 'text'","       , endpoint: '/places'","       , version: 2","    },","    {","         name: 'organizations'","       , type: 'text'","       , endpoint: '/organizations'","       , version: 2","    },","    {","         name: 'namedEntities'","       , type: 'text'","       , endpoint: '/namedentities'","       , version: 2","    },","    {","         name: 'textFeatures'","       , type: 'text'","       , endpoint: '/textfeatures'","       , synonyms: false","    },","    {","         name: 'emotion'","       , type: 'text'","       , endpoint: '/emotion'","    },","    {","         name: 'analyzeText'","       , type: 'text'","       , endpoint: '/apis/multiapi'","    },","    {","         name: 'facialLocalization'","       , type: 'image'","       , size: false","       , endpoint: '/faciallocalization'","    },","    {","         name: 'facialFeatures'","       , type: 'image'","       , size: 48","       , endpoint: '/facialfeatures'","    },","    {","         name: 'fer'","       , type: 'image'","       , size: 48","       , endpoint: '/fer'","    },","    {","         name: 'imageFeatures'","       , type: 'image'","       , size: 512","       , min_axis: true","       , endpoint: '/imagefeatures'","       , version: 3","    },","    {","         name: 'imageRecognition'","       , type: 'image'","       , size: 144","       , min_axis: true","       , endpoint: '/imagerecognition'","    },","    {","         name: 'contentFiltering'","       , type: 'image'","       , size: 128","       , min_axis: true","       , endpoint: '/contentfiltering'","    },","    {","         name: 'analyzeImage'","       , type: 'image'","       , size: 64","       , endpoint: '/apis/multiapi'","    },","    {","         name: 'summarization'","       , type: 'text'","       , endpoint: '/summarization'","    },","    {","         name: 'pdfExtraction'","       , type: 'pdf'","       , endpoint: '/pdfextraction'","    }","  ]","};",""],"l":{"1":1,"7":1,"9":1,"10":1,"11":1,"12":1,"14":1,"15":0,"18":1,"19":0,"22":1,"23":0,"24":0,"25":0,"26":0,"29":0,"32":1,"33":0,"36":0,"37":0,"39":0,"42":0,"43":0,"46":0,"49":1,"51":0,"52":0,"53":0,"56":0,"59":1,"60":0,"61":0,"62":0,"63":0,"64":0,"66":0,"69":0,"70":0,"73":1,"74":0,"75":0,"78":0,"79":0,"81":0,"82":0,"84":0,"85":0,"87":0,"90":0,"91":0,"92":0,"95":0,"96":0,"99":0,"113":0,"114":0,"115":0,"119":0,"121":0,"122":0,"124":0,"125":0,"127":0,"128":0,"130":0,"134":1,"135":52,"136":0,"139":0,"141":0,"142":0,"145":0,"146":0,"149":0,"150":0,"151":0,"152":0,"154":0,"155":0,"156":0,"159":0,"164":1}},"/home/travis/build/npmtest/node-npmtest-indico.io/node_modules/indico.io/lib/settings.js":{"path":"/home/travis/build/npmtest/node-npmtest-indico.io/node_modules/indico.io/lib/settings.js","s":{"1":1,"2":1,"3":1,"4":1,"5":1,"6":1,"7":1,"8":1,"9":0,"10":0,"11":1,"12":0,"13":1,"14":1,"15":0,"16":1,"17":0,"18":0,"19":0,"20":0,"21":0,"22":0,"23":0,"24":0,"25":0,"26":0,"27":0,"28":0,"29":0,"30":1,"31":0,"32":0,"33":0,"34":0,"35":0,"36":0,"37":0,"38":0,"39":0,"40":0,"41":0,"42":0,"43":0,"44":1,"45":1},"b":{"1":[0,0],"2":[0,1],"3":[0,0],"4":[0,0,0],"5":[0,0,0],"6":[0,0],"7":[0,0],"8":[0,0],"9":[0,0],"10":[0,0],"11":[0,0],"12":[0,0,0],"13":[0,0],"14":[0,0],"15":[0,0],"16":[0,0]},"f":{"1":1,"2":1,"3":0,"4":0,"5":0},"fnMap":{"1":{"name":"(anonymous_1)","line":8,"loc":{"start":{"line":8,"column":19},"end":{"line":8,"column":30}}},"2":{"name":"(anonymous_2)","line":9,"loc":{"start":{"line":9,"column":21},"end":{"line":9,"column":46}}},"3":{"name":"(anonymous_3)","line":35,"loc":{"start":{"line":35,"column":35},"end":{"line":35,"column":58}}},"4":{"name":"(anonymous_4)","line":39,"loc":{"start":{"line":39,"column":20},"end":{"line":39,"column":63}}},"5":{"name":"(anonymous_5)","line":80,"loc":{"start":{"line":80,"column":26},"end":{"line":80,"column":69}}}},"statementMap":{"1":{"start":{"line":1,"column":0},"end":{"line":6,"column":32}},"2":{"start":{"line":8,"column":0},"end":{"line":33,"column":1}},"3":{"start":{"line":9,"column":2},"end":{"line":32,"column":18}},"4":{"start":{"line":15,"column":4},"end":{"line":15,"column":63}},"5":{"start":{"line":16,"column":4},"end":{"line":16,"column":48}},"6":{"start":{"line":17,"column":4},"end":{"line":17,"column":40}},"7":{"start":{"line":18,"column":4},"end":{"line":18,"column":24}},"8":{"start":{"line":20,"column":4},"end":{"line":24,"column":5}},"9":{"start":{"line":21,"column":8},"end":{"line":23,"column":9}},"10":{"start":{"line":22,"column":12},"end":{"line":22,"column":38}},"11":{"start":{"line":26,"column":4},"end":{"line":28,"column":5}},"12":{"start":{"line":27,"column":8},"end":{"line":27,"column":81}},"13":{"start":{"line":30,"column":4},"end":{"line":30,"column":24}},"14":{"start":{"line":35,"column":0},"end":{"line":37,"column":2}},"15":{"start":{"line":36,"column":2},"end":{"line":36,"column":22}},"16":{"start":{"line":39,"column":0},"end":{"line":78,"column":1}},"17":{"start":{"line":50,"column":4},"end":{"line":50,"column":40}},"18":{"start":{"line":52,"column":4},"end":{"line":56,"column":6}},"19":{"start":{"line":58,"column":4},"end":{"line":60,"column":6}},"20":{"start":{"line":62,"column":4},"end":{"line":66,"column":6}},"21":{"start":{"line":67,"column":4},"end":{"line":77,"column":5}},"22":{"start":{"line":68,"column":8},"end":{"line":68,"column":28}},"23":{"start":{"line":69,"column":11},"end":{"line":77,"column":5}},"24":{"start":{"line":70,"column":8},"end":{"line":70,"column":28}},"25":{"start":{"line":71,"column":11},"e
[...]
line":89,"column":2},"end":{"line":108,"column":3}},"60":{"start":{"line":90,"column":4},"end":{"line":90,"column":69}},"61":{"start":{"line":91,"column":4},"end":{"line":106,"column":7}},"62":{"start":{"line":92,"column":6},"end":{"line":92,"column":39}},"63":{"start":{"line":93,"column":6},"end":{"line":104,"column":8}},"64":{"start":{"line":94,"column":8},"end":{"line":103,"column":9}},"65":{"start":{"line":95,"column":10},"end":{"line":100,"column":13}},"66":{"start":{"line":102,"column":10},"end":{"line":102,"column":39}},"67":{"start":{"line":105,"column":6},"end":{"line":105,"column":30}},"68":{"start":{"line":107,"column":4},"end":{"line":107,"column":17}},"69":{"start":{"line":110,"column":2},"end":{"line":127,"column":4}},"70":{"start":{"line":111,"column":4},"end":{"line":111,"column":69}},"71":{"start":{"line":112,"column":4},"end":{"line":125,"column":7}},"72":{"start":{"line":113,"column":6},"end":{"line":113,"column":39}},"73":{"start":{"line":114,"column":6},"end":{"line":117,"column":7}},"74":{"start":{"line":115,"column":8},"end":{"line":115,"column":102}},"75":{"start":{"line":116,"column":8},"end":{"line":116,"column":40}},"76":{"start":{"line":119,"column":6},"end":{"line":119,"column":91}},"77":{"start":{"line":121,"column":6},"end":{"line":123,"column":9}},"78":{"start":{"line":122,"column":8},"end":{"line":122,"column":30}},"79":{"start":{"line":124,"column":6},"end":{"line":124,"column":30}},"80":{"start":{"line":126,"column":4},"end":{"line":126,"column":17}},"81":{"start":{"line":129,"column":2},"end":{"line":139,"column":3}},"82":{"start":{"line":130,"column":4},"end":{"line":130,"column":69}},"83":{"start":{"line":131,"column":4},"end":{"line":137,"column":7}},"84":{"start":{"line":132,"column":6},"end":{"line":132,"column":39}},"85":{"start":{"line":133,"column":6},"end":{"line":135,"column":9}},"86":{"start":{"line":134,"column":10},"end":{"line":134,"column":32}},"87":{"start":{"line":136,"column":6},"end":{"line":136,"column":30}},"88":{"start":{"line":138,"column":4},"end":{"line":138,"column":17}},"89":{"start":{"line":141,"column":2},"end":{"line":156,"column":3}},"90":{"start":{"line":142,"column":4},"end":{"line":142,"column":69}},"91":{"start":{"line":143,"column":4},"end":{"line":143,"column":26}},"92":{"start":{"line":144,"column":4},"end":{"line":154,"column":7}},"93":{"start":{"line":145,"column":6},"end":{"line":145,"column":39}},"94":{"start":{"line":148,"column":6},"end":{"line":152,"column":9}},"95":{"start":{"line":149,"column":10},"end":{"line":149,"column":48}},"96":{"start":{"line":150,"column":10},"end":{"line":150,"column":34}},"97":{"start":{"line":151,"column":10},"end":{"line":151,"column":32}},"98":{"start":{"line":153,"column":6},"end":{"line":153,"column":30}},"99":{"start":{"line":155,"column":4},"end":{"line":155,"column":17}},"100":{"start":{"line":158,"column":2},"end":{"line":168,"column":3}},"101":{"start":{"line":159,"column":4},"end":{"line":159,"column":69}},"102":{"start":{"line":160,"column":4},"end":{"line":166,"column":7}},"103":{"start":{"line":161,"column":6},"end":{"line":161,"column":39}},"104":{"start":{"line":162,"column":6},"end":{"line":164,"column":9}},"105":{"start":{"line":163,"column":10},"end":{"line":163,"column":32}},"106":{"start":{"line":165,"column":6},"end":{"line":165,"column":30}},"107":{"start":{"line":167,"column":4},"end":{"line":167,"column":17}},"108":{"start":{"line":170,"column":2},"end":{"line":181,"column":3}},"109":{"start":{"line":171,"column":4},"end":{"line":171,"column":69}},"110":{"start":{"line":172,"column":4},"end":{"line":179,"column":7}},"111":{"start":{"line":173,"column":6},"end":{"line":173,"column":39}},"112":{"start":{"line":175,"column":6},"end":{"line":177,"column":9}},"113":{"start":{"line":176,"column":10},"end":{"line":176,"column":32}},"114":{"start":{"line":178,"column":6},"end":{"line":178,"column":30}},"115":{"start":{"line":180,"column":4},"end":{"line":180,"column":17}},"116":{"start":{"line":183,"column":2},"end":{"line":198,"column":3}},"117":{"start":{"line":184,"column":4},"end":{"line":184,"column":69}},"118":{"start":{"line":185,"column":4},"end":{"line":185,"column":28}},"119":{"start":{"line":186,"column":4},"end":{"line":188,"column":5}},"120":{"start":{"line":187,"column":6},"end":{"line":187,"column":41}},"121":{"start":{"line":189,"column":4},"end":{"line":196,"column":7}},"122":{"start":{"line":190,"column":6},"end":{"line":190,"column":39}},"123":{"start":{"line":192,"column":6},"end":{"line":194,"column":9}},"124":{"start":{"line":193,"column":10},"end":{"line":193,"column":32}},"125":{"start":{"line":195,"column":6},"end":{"line":195,"column":30}},"126":{"start":{"line":197,"column":4},"end":{"line":197,"column":17}},"127":{"start":{"line":200,"column":2},"end":{"line":212,"column":3}},"128":{"start":{"line":201,"column":4},"end":{"line":201,"column":69}},"129":{"start":{"line":202,"column":4},"end":{"line":202,"column":28}},"130":{"start":{"line":203,"column":4},"end":{"line":210,"column":7}},"131":{"start":{"line":204,"column":6},"end":{"line":204,"column":39}},"132":{"start":{"line":206,"column":6},"end":{"line":208,"column":9}},"133":{"start":{"line":207,"column":10},"end":{"line":207,"column":32}},"134":{"start":{"line":209,"column":6},"end":{"line":209,"column":30}},"135":{"start":{"line":211,"column":4},"end":{"line":211,"column":17}},"136":{"start":{"line":214,"column":2},"end":{"line":216,"column":3}},"137":{"start":{"line":215,"column":4},"end":{"line":215,"column":45}},"138":{"start":{"line":218,"column":2},"end":{"line":220,"column":3}},"139":{"start":{"line":219,"column":4},"end":{"line":219,"column":45}},"140":{"start":{"line":222,"column":2},"end":{"line":222,"column":14}},"141":{"start":{"line":225,"column":0},"end":{"line":225,"column":27}}},"branchMap":{"1":{"line":10,"type":"binary-expr","locations":[{"start":{"line":10,"column":11},"end":{"line":10,"column":17}},{"start":{"line":10,"column":21},"end":{"line":10,"column":23}}]},"2":{"line":12,"type":"binary-expr","locations":[{"start":{"line":12,"column":17},"end":{"line":12,"column":34}},{"start":{"line":12,"column":38},"end":{"line":12,"column":39}}]},"3":{"line":16,"type":"binary-expr","locations":[{"start":{"line":16,"column":37},"end":{"line":16,"column":43}},{"start":{"line":16,"column":47},"end":{"line":16,"column":49}}]},"4":{"line":20,"type":"if","locations":[{"start":{"line":20,"column":6},"end":{"line":20,"column":6}},{"start":{"line":20,"column":6},"end":{"line":20,"column":6}}]},"5":{"line":25,"type":"binary-expr","locations":[{"start":{"line":25,"column":18},"end":{"line":25,"column":45}},{"start":{"line":25,"column":49},"end":{"line":25,"column":76}}]},"6":{"line":35,"type":"binary-expr","locations":[{"start":{"line":35,"column":37},"end":{"line":35,"column":43}},{"start":{"line":35,"column":47},"end":{"line":35,"column":49}}]},"7":{"line":38,"type":"if","locations":[{"start":{"line":38,"column":6},"end":{"line":38,"column":6}},{"start":{"line":38,"column":6},"end":{"line":38,"column":6}}]},"8":{"line":42,"type":"cond-expr","locations":[{"start":{"line":42,"column":78},"end":{"line":42,"column":82}},{"start":{"line":42,"column":85},"end":{"line":42,"column":90}}]},"9":{"line":42,"type":"binary-expr","locations":[{"start":{"line":42,"column":19},"end":{"line":42,"column":46}},{"start":{"line":42,"column":50},"end":{"line":42,"column":74}}]},"10":{"line":53,"type":"binary-expr","locations":[{"start":{"line":53,"column":37},"end":{"line":53,"column":43}},{"start":{"line":53,"column":47},"end":{"line":53,"column":49}}]},"11":{"line":65,"type":"binary-expr","locations":[{"start":{"line":65,"column":37},"end":{"line":65,"column":43}},{"start":{"line":65,"column":47},"end":{"line":65,"column":49}}]},"12":{"line":70,"type":"if","locations":[{"start":{"line":70,"column":10},"end":{"line":70,"column":10}},{"start":{"line":70,"column":10},"end":{"line":70,"column":10}}]},"13":{"line":74,"type":"if","locations":[{"start":{"line":74,"column":10},"end":{"line":74,"column":10}},{"start":{"line":74,"column":10},"end":{"line":74,"column":10}}]},"14":{"line":74,"type":"binary-expr","locations":[{"start":{"line":74,"column":14},"end":{"line":74,"column":24}},{"start":{"line":74,"column":28},"end":{"line":74,"column":63}}]},"15":{"line":75,"type":"if","locations":[{"start":{"line":75,"column":12},"end":{"line":75,"column":12}},{"start":{"line":75,"column":12},"end":{"line":75,"column":12}}]},"16":{"line":90,"type":"binary-expr","locations":[{"start":{"line":90,"column":37},"end":{"line":90,"column":43}},{"start":{"line":90,"column":47},"end":{"line":90,"column":49}}]},"17":{"line":94,"type":"if","locations":[{"start":{"line":94,"column":8},"end":{"line":94,"column":8}},{"start":{"line":94,"column":8},"end":{"line":94,"column":8}}]},"18":{"line":111,"type":"binary-expr","locations":[{"start":{"line":111,"column":37},"end":{"line":111,"column":43}},{"start":{"line":111,"column":47},"end":{"line":111,"column":49}}]},"19":{"line":114,"type":"if","locations":[{"start":{"line":114,"column":6},"end":{"line":114,"column":6}},{"start":{"line":114,"column":6},"end":{"line":114,"column":6}}]},"20":{"line":119,"type":"cond-expr","locations":[{"start":{"line":119,"column":78},"end":{"line":119,"column":82}},{"start":{"line":119,"column":85},"end":{"line":119,"column":90}}]},"21":{"line":119,"type":"binary-expr","locations":[{"start":{"line":119,"column":19},"end":{"line":119,"column":46}},{"start":{"line":119,"column":50},"end":{"line":119,"column":74}}]},"22":{"line":130,"type":"binary-expr","locations":[{"start":{"line":130,"column":37},"end":{"line":130,"column":43}},{"start":{"line":130,"column":47},"end":{"line":130,"column":49}}]},"23":{"line":142,"type":"binary-expr","locations":[{"start":{"line":142,"column":37},"end":{"line":142,"column":43}},{"start":{"line":142,"column":47},"end":{"line":142,"column":49}}]},"24":{"line":159,"type":"binary-expr","locations":[{"start":{"line":159,"column":37},"end":{"line":159,"column":43}},{"start":{"line":159,"column":47},"end":{"line":159,"column":49}}]},"25":{"line":171,"type":"binary-expr","locations":[{"start":{"line":171,"column":37},"end":{"line":171,"column":43}},{"start":{"line":171,"column":47},"end":{"line":171,"column":49}}]},"26":{"line":184,"type":"binary-expr","locations":[{"start":{"line":184,"column":37},"end":{"line":184,"column":43}},{"start":{"line":184,"column":47},"end":{"line":184,"column":49}}]},"27":{"line":186,"type":"if","locations":[{"start":{"line":186,"column":4},"end":{"line":186,"column":4}},{"start":{"line":186,"column":4},"end":{"line":186,"column":4}}]},"28":{"line":201,"type":"binary-expr","locations":[{"start":{"line":201,"column":37},"end":{"line":201,"column":43}},{"start":{"line":201,"column":47},"end":{"line":201,"column":49}}]}},"code":["var Promise = require('bluebird')","  , makeRequest = require('./services.js').makeRequest","  , addKeywordArguments = require('./services.js').addKeywordArguments;","","var Collection = function(collection, config) {","  var _this = this;","  this.promise_chain = Promise.resolve();","","  this.collection = collection;","  config = config || {};","  config['collection'] = collection;","  this.version = config[\"version\"] || 1;","  this.baseConfig = config;","","  this.addData = function(data, config) {","    var config = addKeywordArguments(config || {}, _this.baseConfig);","    _this.promise_chain = _this.promise_chain.then(function() {","      var deferred = Promise.pending();","","      if (typeof data === 'undefined') {","        var msg = \"Must submit data in format ['data', 'label']. You can also submit multiple in a list.\";","        deferred.reject(new Error(msg));","      }","","      var batch = typeof data !== 'undefined' && typeof data[0] !== 'string';","      makeRequest('/custom/add_data', this.version, data, batch, config).then(function (res) {","        deferred.resolve(res);","      });","      return deferred.promise;","    });","    return _this;","  };","","  this.removeExample = function(data, config) {","    var config = addKeywordArguments(config || {}, _this.baseConfig);","    _this.promise_chain = _this.promise_chain.then(function() {","      var deferred = Promise.pending();","      if (typeof data === 'undefined') {","        var msg = \"Must submit examples for removal in string format (i.e. 'example'). You can also submit multiple in a list.\";","        deferred.reject(new Error(msg));","      }","      var batch = (typeof data !== 'undefined' && typeof data !== 'string') ? true : false;","","      makeRequest('/custom/remove_example', this.version, data, batch, config).then(function(res) {","        deferred.resolve(res);","      });","      return deferred.promise;","    });","    return _this;","  }","","  this.train = function(config) {","    var config = addKeywordArguments(config || {}, _this.baseConfig);","    _this.promise_chain = _this.promise_chain.then(function() {","      var deferred = Promise.pending();","      makeRequest('/custom/train', this.version, {}, false, config).then(function(res) {","          deferred.resolve(res);","      });","      return deferred.promise;","    });","    return _this;","  };","","  this.wait = function(status, config) {","    var config = addKeywordArguments(config || {}, _this.baseConfig);","    _this.promise_chain = _this.promise_chain.then(function() {","      var deferred = Promise.pending();","      var waitForTrained = setInterval(function() {","        makeRequest('/custom/info', this.version, {}, false, config).then(function(collection) {","          if (!collection) {","            var msg = _this.collection + \" does not exist at the moment! Make sure this is something that has been created\";","            deferred.reject(new Error(msg));","          }","          if (collection && collection['status'] !== 'training') {","            if (collection[\"status\"] !== \"ready\") {","              var msg = _this.collection + \" failed with status \" + collection[\"status\"];","              deferred.reject(new Error(msg));","            }","            clearInterval(waitForTrained);","            deferred.resolve(collection);","          }","        });","      }, 1000);","      return deferred.promise;","    });","    return _this;","  };","","  this.info = function(config) {","    var config = addKeywordArguments(config || {}, _this.baseConfig);","    _this.promise_chain = _this.promise_chain.then(function() {","      var deferred = Promise.pending();","      makeRequest('/custom/info', this.version, {}, false, config).then(function(collection) {","        if (collection['status'] === undefined) {","          deferred.resolve({","            model_type: null,","            input_type: null,","            number_of_examples: 0,","            status: 'no examples'","          });","        } else {","          deferred.resolve(collection);","        }","      })","      return deferred.promise;","    });","    return _this;","  }","","  this.predict = function(data, config) {","    var config = addKeywordArguments(config || {}, _this.baseConfig);","    _this.promise_chain = _this.promise_chain.then(function() {","      var deferred = Promise.pending();","      if (typeof data === 'undefined') {","        var msg = \"Must submit data in string format 'data'. You can also submit multiple in a list.\";","        deferred.reject(new Error(msg));","      }","","      var batch = (typeof data !== 'undefined' && typeof data !== 'string') ? true : false;","","      makeRequest('/custom/predict', this.version, data, batch, config).then(function(res) {","        deferred.resolve(res);","      });","      return deferred.promise;","    });","    return _this;","  };","","  this.clear = function(config) {","    var config = addKeywordArguments(config || {}, _this.baseConfig);","    _this.promise_chain = _this.promise_chain.then(function() {","      var deferred = Promise.pending();","      makeRequest('/custom/clear_collection', this.version, {}, false, config).then(function(res) {","          deferred.resolve(res);","      });","      return deferred.promise;","    });","    return _this;","  }","","  this.rename = function(name, config)  {","    var config = addKeywordArguments(config || {}, _this.baseConfig);","    config['name'] = name;","    _this.promise_chain = _this.promise_chain.then(function() {","      var deferred = Promise.pending();","","","      makeRequest('/custom/rename', this.version, {}, false, config).then(function(res) {","          _this.baseConfig['collection'] = name;","          _this.collection = name;","          deferred.resolve(res);","      });","      return deferred.promise;","    });","    return _this;","  }","","  this.register = function(config)  {","    var config = addKeywordArguments(config || {}, _this.baseConfig);","    _this.promise_chain = _this.promise_chain.then(function() {","      var deferred = Promise.pending();","      makeRequest('/custom/register', this.version, {}, false, config).then(function(res) {","          deferred.resolve(res);","      });","      return deferred.promise;","    });","    return _this;","  }","","  this.deregister = function(config)  {","    var config = addKeywordArguments(config || {}, _this.baseConfig);","    _this.promise_chain = _this.promise_chain.then(function() {","      var deferred = Promise.pending();","","      makeRequest('/custom/deregister', this.version, {}, false, config).then(function(res) {","          deferred.resolve(res);","      });","      return deferred.promise;","    });","    return _this;","  }","","  this.authorize = function(email, config)  {","    var config = addKeywordArguments(config || {}, _this.baseConfig);","    config['email'] = email;","    if (config['permission_type'] === undefined) {","      config['permission_type'] = 'read';","    }","    _this.promise_chain = _this.promise_chain.then(function() {","      var deferred = Promise.pending();","","      makeRequest('/custom/authorize', this.version, {}, false, config).then(function(res) {","          deferred.resolve(res);","      });","      return deferred.promise;","    });","    return _this;","  }","","  this.deauthorize = function(email, config)  {","    var config = addKeywordArguments(config || {}, _this.baseConfig);","    config['email'] = email;","    _this.promise_chain = _this.promise_chain.then(function() {","      var deferred = Promise.pending();","","      makeRequest('/custom/deauthorize', this.version, {}, false, config).then(function(res) {","          deferred.resolve(res);","      });","      return deferred.promise;","    });","    return _this;","  }","","  this.then = function(callback) {","    return this.promise_chain.then(callback);","  }","","  this.catch = function(errback) {","    return this.promise_chain.catch(errback);","  }","","  return this;","}","","module.exports = Collection",""],"l":{"1":1,"5":1,"6":0,"7":0,"9":0,"10":0,"11":0,"12":0,"13":0,"15":0,"16":0,"17":0,"18":0,"20":0,"21":0,"22":0,"25":0,"26":0,"27":0,"29":0,"31":0,"34":0,"35":0,"36":0,"37":0,"38":0,"39":0,"40":0,"42":0,"44":0,"45":0,"47":0,"49":0,"52":0,"53":0,"54":0,"55":0,"56":0,"57":0,"59":0,"61":0,"64":0,"65":0,"66":0,"67":0,"68":0,"69":0,"70":0,"71":0,"72":0,"74":0,"75":0,"76":0,"77":0,"79":0,"80":0,"84":0,"86":0,"89":0,"90":0,"91":0,"92":0,"93":0,"94":0,"95":0,"102":0,"105":0,"107":0,"110":0,"111":0,"112":0,"113":0,"114":0,"115":0,"116":0,"119":0,"121":0,"122":0,"124":0,"126":0,"129":0,"130":0,"131":0,"132":0,"133":0,"134":0,"136":0,"138":0,"141":0,"142":0,"143":0,"144":0,"145":0,"148":0,"149":0,"150":0,"151":0,"153":0,"155":0,"158":0,"159":0,"160":0,"161":0,"162":0,"163":0,"165":0,"167":0,"170":0,"171":0,"172":0,"173":0,"175":0,"176":0,"178":0,"180":0,"183":0,"184":0,"185":0,"186":0,"187":0,"189":0,"190":0,"192":0,"193":0,"195":0,"197":0,"200":0,"201":0,"202":0,"203":0,"204":0,"206":0,"207":0,"209":0,"211":0,"214":0,"215":0,"218":0,"219":0,"222":0,"225":1}}}